-------------------------------------------------------------------------------
Test set: mflix.lessons.MongoClientLesson
-------------------------------------------------------------------------------
Tests run: 4, Failures: 0, Errors: 4, Skipped: 0, Time elapsed: 36.036 s <<< FAILURE! - in mflix.lessons.MongoClientLesson
DocumentInstance(mflix.lessons.MongoClientLesson)  Time elapsed: 0.009 s  <<< ERROR!
java.lang.IllegalArgumentException: The connection string is invalid. Connection strings must start with either 'mongodb://' or 'mongodb+srv://
	at mflix.lessons.MongoClientLesson.DocumentInstance(MongoClientLesson.java:181)

MongoCollectionInstance(mflix.lessons.MongoClientLesson)  Time elapsed: 0 s  <<< ERROR!
java.lang.IllegalArgumentException: The connection string is invalid. Connection strings must start with either 'mongodb://' or 'mongodb+srv://
	at mflix.lessons.MongoClientLesson.MongoCollectionInstance(MongoClientLesson.java:156)

MongoDatabaseInstance(mflix.lessons.MongoClientLesson)  Time elapsed: 0.001 s  <<< ERROR!
java.lang.IllegalArgumentException: The connection string is invalid. Connection strings must start with either 'mongodb://' or 'mongodb+srv://
	at mflix.lessons.MongoClientLesson.MongoDatabaseInstance(MongoClientLesson.java:93)

MongoClientInstance(mflix.lessons.MongoClientLesson)  Time elapsed: 0 s  <<< ERROR!
com.mongodb.MongoConfigurationException: Unable to look up SRV record for host mfilx.v2wzx.mongodb.net
	at mflix.lessons.MongoClientLesson.<init>(MongoClientLesson.java:24)
Caused by: javax.naming.CommunicationException: DNS error
	at mflix.lessons.MongoClientLesson.<init>(MongoClientLesson.java:24)
Caused by: java.net.SocketTimeoutException: Receive timed out
	at mflix.lessons.MongoClientLesson.<init>(MongoClientLesson.java:24)

