<?xml version="1.0" encoding="UTF-8"?>
<testsuite xmlns:xsi="http://www.w3.org/2001/XMLSchema-instance" xsi:noNamespaceSchemaLocation="https://maven.apache.org/surefire/maven-surefire-plugin/xsd/surefire-test-report.xsd" name="mflix.lessons.MongoClientLesson" time="36.036" tests="4" errors="4" skipped="0" failures="0">
  <properties>
[...]
</properties>
  <testcase name="DocumentInstance" classname="mflix.lessons.MongoClientLesson" time="0.009">
    <error message="The connection string is invalid. Connection strings must start with either &apos;mongodb://&apos; or &apos;mongodb+srv://" type="java.lang.IllegalArgumentException">java.lang.IllegalArgumentException: The connection string is invalid. Connection strings must start with either 'mongodb://' or 'mongodb+srv://
	at mflix.lessons.MongoClientLesson.DocumentInstance(MongoClientLesson.java:181)
</error>
    <system-out><![CDATA[15:34:41.992 [main] INFO org.mongodb.driver.cluster - Cluster created with settings {hosts=[mfilx-shard-00-00.v2wzx.mongodb.net:27017, mfilx-shard-00-01.v2wzx.mongodb.net:27017, mfilx-shard-00-02.v2wzx.mongodb.net:27017], mode=MULTIPLE, requiredClusterType=REPLICA_SET, serverSelectionTimeout='30000 ms', maxWaitQueueSize=500, requiredReplicaSetName='atlas-csjqm5-shard-0'}
15:34:41.996 [main] INFO org.mongodb.driver.cluster - Adding discovered server mfilx-shard-00-00.v2wzx.mongodb.net:27017 to client view of cluster
15:34:42.501 [main] INFO org.mongodb.driver.cluster - Adding discovered server mfilx-shard-00-01.v2wzx.mongodb.net:27017 to client view of cluster
15:34:42.503 [main] INFO org.mongodb.driver.cluster - Adding discovered server mfilx-shard-00-02.v2wzx.mongodb.net:27017 to client view of cluster
15:34:42.534 [main] DEBUG org.mongodb.driver.cluster - Updating cluster description to  {type=REPLICA_SET, servers=[{address=mfilx-shard-00-01.v2wzx.mongodb.net:27017, type=UNKNOWN, state=CONNECTING}, {address=mfilx-shard-00-02.v2wzx.mongodb.net:27017, type=UNKNOWN, state=CONNECTING}, {address=mfilx-shard-00-00.v2wzx.mongodb.net:27017, type=UNKNOWN, state=CONNECTING}]
15:34:43.063 [main] INFO org.mongodb.driver.cluster - Cluster created with settings {hosts=[mfilx-shard-00-00.v2wzx.mongodb.net:27017, mfilx-shard-00-01.v2wzx.mongodb.net:27017, mfilx-shard-00-02.v2wzx.mongodb.net:27017], mode=MULTIPLE, requiredClusterType=REPLICA_SET, serverSelectionTimeout='30000 ms', maxWaitQueueSize=500, requiredReplicaSetName='atlas-csjqm5-shard-0'}
15:34:43.063 [main] INFO org.mongodb.driver.cluster - Adding discovered server mfilx-shard-00-00.v2wzx.mongodb.net:27017 to client view of cluster
15:34:43.065 [main] INFO org.mongodb.driver.cluster - Adding discovered server mfilx-shard-00-01.v2wzx.mongodb.net:27017 to client view of cluster
15:34:43.066 [main] INFO org.mongodb.driver.cluster - Adding discovered server mfilx-shard-00-02.v2wzx.mongodb.net:27017 to client view of cluster
15:34:43.068 [main] DEBUG org.mongodb.driver.cluster - Updating cluster description to  {type=REPLICA_SET, servers=[{address=mfilx-shard-00-01.v2wzx.mongodb.net:27017, type=UNKNOWN, state=CONNECTING}, {address=mfilx-shard-00-02.v2wzx.mongodb.net:27017, type=UNKNOWN, state=CONNECTING}, {address=mfilx-shard-00-00.v2wzx.mongodb.net:27017, type=UNKNOWN, state=CONNECTING}]
]]></system-out>
  </testcase>
  <testcase name="MongoCollectionInstance" classname="mflix.lessons.MongoClientLesson" time="0">
    <error message="The connection string is invalid. Connection strings must start with either &apos;mongodb://&apos; or &apos;mongodb+srv://" type="java.lang.IllegalArgumentException">java.lang.IllegalArgumentException: The connection string is invalid. Connection strings must start with either 'mongodb://' or 'mongodb+srv://
	at mflix.lessons.MongoClientLesson.MongoCollectionInstance(MongoClientLesson.java:156)
</error>
    <system-out><![CDATA[15:34:43.150 [main] INFO org.mongodb.driver.cluster - Cluster created with settings {hosts=[mfilx-shard-00-00.v2wzx.mongodb.net:27017, mfilx-shard-00-01.v2wzx.mongodb.net:27017, mfilx-shard-00-02.v2wzx.mongodb.net:27017], mode=MULTIPLE, requiredClusterType=REPLICA_SET, serverSelectionTimeout='30000 ms', maxWaitQueueSize=500, requiredReplicaSetName='atlas-csjqm5-shard-0'}
15:34:43.150 [main] INFO org.mongodb.driver.cluster - Adding discovered server mfilx-shard-00-00.v2wzx.mongodb.net:27017 to client view of cluster
15:34:43.152 [main] INFO org.mongodb.driver.cluster - Adding discovered server mfilx-shard-00-01.v2wzx.mongodb.net:27017 to client view of cluster
15:34:43.154 [main] INFO org.mongodb.driver.cluster - Adding discovered server mfilx-shard-00-02.v2wzx.mongodb.net:27017 to client view of cluster
15:34:43.155 [main] DEBUG org.mongodb.driver.cluster - Updating cluster description to  {type=REPLICA_SET, servers=[{address=mfilx-shard-00-01.v2wzx.mongodb.net:27017, type=UNKNOWN, state=CONNECTING}, {address=mfilx-shard-00-02.v2wzx.mongodb.net:27017, type=UNKNOWN, state=CONNECTING}, {address=mfilx-shard-00-00.v2wzx.mongodb.net:27017, type=UNKNOWN, state=CONNECTING}]
15:34:43.229 [main] INFO org.mongodb.driver.cluster - Cluster created with settings {hosts=[mfilx-shard-00-00.v2wzx.mongodb.net:27017, mfilx-shard-00-01.v2wzx.mongodb.net:27017, mfilx-shard-00-02.v2wzx.mongodb.net:27017], mode=MULTIPLE, requiredClusterType=REPLICA_SET, serverSelectionTimeout='30000 ms', maxWaitQueueSize=500, requiredReplicaSetName='atlas-csjqm5-shard-0'}
15:34:43.229 [main] INFO org.mongodb.driver.cluster - Adding discovered server mfilx-shard-00-00.v2wzx.mongodb.net:27017 to client view of cluster
15:34:43.231 [main] INFO org.mongodb.driver.cluster - Adding discovered server mfilx-shard-00-01.v2wzx.mongodb.net:27017 to client view of cluster
15:34:43.233 [main] INFO org.mongodb.driver.cluster - Adding discovered server mfilx-shard-00-02.v2wzx.mongodb.net:27017 to client view of cluster
15:34:43.235 [main] DEBUG org.mongodb.driver.cluster - Updating cluster description to  {type=REPLICA_SET, servers=[{address=mfilx-shard-00-01.v2wzx.mongodb.net:27017, type=UNKNOWN, state=CONNECTING}, {address=mfilx-shard-00-02.v2wzx.mongodb.net:27017, type=UNKNOWN, state=CONNECTING}, {address=mfilx-shard-00-00.v2wzx.mongodb.net:27017, type=UNKNOWN, state=CONNECTING}]
]]></system-out>
  </testcase>
  <testcase name="MongoDatabaseInstance" classname="mflix.lessons.MongoClientLesson" time="0.001">
    <error message="The connection string is invalid. Connection strings must start with either &apos;mongodb://&apos; or &apos;mongodb+srv://" type="java.lang.IllegalArgumentException">java.lang.IllegalArgumentException: The connection string is invalid. Connection strings must start with either 'mongodb://' or 'mongodb+srv://
	at mflix.lessons.MongoClientLesson.MongoDatabaseInstance(MongoClientLesson.java:93)
</error>
    <system-out><![CDATA[15:34:43.310 [main] INFO org.mongodb.driver.cluster - Cluster created with settings {hosts=[mfilx-shard-00-00.v2wzx.mongodb.net:27017, mfilx-shard-00-01.v2wzx.mongodb.net:27017, mfilx-shard-00-02.v2wzx.mongodb.net:27017], mode=MULTIPLE, requiredClusterType=REPLICA_SET, serverSelectionTimeout='30000 ms', maxWaitQueueSize=500, requiredReplicaSetName='atlas-csjqm5-shard-0'}
15:34:43.310 [main] INFO org.mongodb.driver.cluster - Adding discovered server mfilx-shard-00-00.v2wzx.mongodb.net:27017 to client view of cluster
15:34:43.312 [main] INFO org.mongodb.driver.cluster - Adding discovered server mfilx-shard-00-01.v2wzx.mongodb.net:27017 to client view of cluster
15:34:43.314 [main] INFO org.mongodb.driver.cluster - Adding discovered server mfilx-shard-00-02.v2wzx.mongodb.net:27017 to client view of cluster
15:34:43.315 [main] DEBUG org.mongodb.driver.cluster - Updating cluster description to  {type=REPLICA_SET, servers=[{address=mfilx-shard-00-01.v2wzx.mongodb.net:27017, type=UNKNOWN, state=CONNECTING}, {address=mfilx-shard-00-02.v2wzx.mongodb.net:27017, type=UNKNOWN, state=CONNECTING}, {address=mfilx-shard-00-00.v2wzx.mongodb.net:27017, type=UNKNOWN, state=CONNECTING}]
15:34:43.389 [main] INFO org.mongodb.driver.cluster - Cluster created with settings {hosts=[mfilx-shard-00-00.v2wzx.mongodb.net:27017, mfilx-shard-00-01.v2wzx.mongodb.net:27017, mfilx-shard-00-02.v2wzx.mongodb.net:27017], mode=MULTIPLE, requiredClusterType=REPLICA_SET, serverSelectionTimeout='30000 ms', maxWaitQueueSize=500, requiredReplicaSetName='atlas-csjqm5-shard-0'}
15:34:43.389 [main] INFO org.mongodb.driver.cluster - Adding discovered server mfilx-shard-00-00.v2wzx.mongodb.net:27017 to client view of cluster
15:34:43.390 [main] INFO org.mongodb.driver.cluster - Adding discovered server mfilx-shard-00-01.v2wzx.mongodb.net:27017 to client view of cluster
15:34:43.391 [main] INFO org.mongodb.driver.cluster - Adding discovered server mfilx-shard-00-02.v2wzx.mongodb.net:27017 to client view of cluster
15:34:43.393 [main] DEBUG org.mongodb.driver.cluster - Updating cluster description to  {type=REPLICA_SET, servers=[{address=mfilx-shard-00-01.v2wzx.mongodb.net:27017, type=UNKNOWN, state=CONNECTING}, {address=mfilx-shard-00-02.v2wzx.mongodb.net:27017, type=UNKNOWN, state=CONNECTING}, {address=mfilx-shard-00-00.v2wzx.mongodb.net:27017, type=UNKNOWN, state=CONNECTING}]
]]></system-out>
  </testcase>
  <testcase name="MongoClientInstance" classname="mflix.lessons.MongoClientLesson" time="0">
    <error message="Unable to look up SRV record for host mfilx.v2wzx.mongodb.net" type="com.mongodb.MongoConfigurationException"><![CDATA[com.mongodb.MongoConfigurationException: Unable to look up SRV record for host mfilx.v2wzx.mongodb.net
	at mflix.lessons.MongoClientLesson.<init>(MongoClientLesson.java:24)
Caused by: javax.naming.CommunicationException: DNS error
	at mflix.lessons.MongoClientLesson.<init>(MongoClientLesson.java:24)
Caused by: java.net.SocketTimeoutException: Receive timed out
	at mflix.lessons.MongoClientLesson.<init>(MongoClientLesson.java:24)
]]></error>
    <system-out><![CDATA[15:34:43.466 [main] INFO org.mongodb.driver.cluster - Cluster created with settings {hosts=[mfilx-shard-00-00.v2wzx.mongodb.net:27017, mfilx-shard-00-01.v2wzx.mongodb.net:27017, mfilx-shard-00-02.v2wzx.mongodb.net:27017], mode=MULTIPLE, requiredClusterType=REPLICA_SET, serverSelectionTimeout='30000 ms', maxWaitQueueSize=500, requiredReplicaSetName='atlas-csjqm5-shard-0'}
15:34:43.466 [main] INFO org.mongodb.driver.cluster - Adding discovered server mfilx-shard-00-00.v2wzx.mongodb.net:27017 to client view of cluster
15:34:43.469 [main] INFO org.mongodb.driver.cluster - Adding discovered server mfilx-shard-00-01.v2wzx.mongodb.net:27017 to client view of cluster
15:34:43.471 [main] INFO org.mongodb.driver.cluster - Adding discovered server mfilx-shard-00-02.v2wzx.mongodb.net:27017 to client view of cluster
15:34:43.473 [main] DEBUG org.mongodb.driver.cluster - Updating cluster description to  {type=REPLICA_SET, servers=[{address=mfilx-shard-00-01.v2wzx.mongodb.net:27017, type=UNKNOWN, state=CONNECTING}, {address=mfilx-shard-00-02.v2wzx.mongodb.net:27017, type=UNKNOWN, state=CONNECTING}, {address=mfilx-shard-00-00.v2wzx.mongodb.net:27017, type=UNKNOWN, state=CONNECTING}]
15:34:50.822 [cluster-ClusterId{value='61f905bbcc4ddf3004d17937', description='null'}-mfilx-shard-00-02.v2wzx.mongodb.net:27017] INFO org.mongodb.driver.connection - Opened connection [connectionId{localValue:9, serverValue:11816}] to mfilx-shard-00-02.v2wzx.mongodb.net:27017
15:34:50.823 [cluster-ClusterId{value='61f905bbcc4ddf3004d17937', description='null'}-mfilx-shard-00-02.v2wzx.mongodb.net:27017] DEBUG org.mongodb.driver.cluster - Checking status of mfilx-shard-00-02.v2wzx.mongodb.net:27017
15:34:50.823 [cluster-ClusterId{value='61f905bbcc4ddf3004d1793b', description='null'}-mfilx-shard-00-01.v2wzx.mongodb.net:27017] INFO org.mongodb.driver.connection - Opened connection [connectionId{localValue:20, serverValue:10396}] to mfilx-shard-00-01.v2wzx.mongodb.net:27017
15:34:50.824 [cluster-ClusterId{value='61f905bbcc4ddf3004d1793b', description='null'}-mfilx-shard-00-01.v2wzx.mongodb.net:27017] DEBUG org.mongodb.driver.cluster - Checking status of mfilx-shard-00-01.v2wzx.mongodb.net:27017
15:34:50.823 [cluster-ClusterId{value='61f905bbcc4ddf3004d17939', description='null'}-mfilx-shard-00-01.v2wzx.mongodb.net:27017] INFO org.mongodb.driver.connection - Opened connection [connectionId{localValue:14, serverValue:10396}] to mfilx-shard-00-01.v2wzx.mongodb.net:27017
15:34:50.827 [cluster-ClusterId{value='61f905bbcc4ddf3004d17939', description='null'}-mfilx-shard-00-01.v2wzx.mongodb.net:27017] DEBUG org.mongodb.driver.cluster - Checking status of mfilx-shard-00-01.v2wzx.mongodb.net:27017
15:34:50.830 [cluster-ClusterId{value='61f905bbcc4ddf3004d1793b', description='null'}-mfilx-shard-00-00.v2wzx.mongodb.net:27017] INFO org.mongodb.driver.connection - Opened connection [connectionId{localValue:19, serverValue:11267}] to mfilx-shard-00-00.v2wzx.mongodb.net:27017
15:34:50.830 [cluster-ClusterId{value='61f905bbcc4ddf3004d1793b', description='null'}-mfilx-shard-00-00.v2wzx.mongodb.net:27017] DEBUG org.mongodb.driver.cluster - Checking status of mfilx-shard-00-00.v2wzx.mongodb.net:27017
15:34:50.833 [cluster-ClusterId{value='61f905bbcc4ddf3004d1793a', description='null'}-mfilx-shard-00-01.v2wzx.mongodb.net:27017] INFO org.mongodb.driver.connection - Opened connection [connectionId{localValue:17, serverValue:10396}] to mfilx-shard-00-01.v2wzx.mongodb.net:27017
15:34:50.833 [cluster-ClusterId{value='61f905bbcc4ddf3004d17938', description='null'}-mfilx-shard-00-02.v2wzx.mongodb.net:27017] INFO org.mongodb.driver.connection - Opened connection [connectionId{localValue:12, serverValue:11816}] to mfilx-shard-00-02.v2wzx.mongodb.net:27017
15:34:50.833 [cluster-ClusterId{value='61f905bbcc4ddf3004d17938', description='null'}-mfilx-shard-00-02.v2wzx.mongodb.net:27017] DEBUG org.mongodb.driver.cluster - Checking status of mfilx-shard-00-02.v2wzx.mongodb.net:27017
15:34:50.833 [cluster-ClusterId{value='61f905bbcc4ddf3004d1793a', description='null'}-mfilx-shard-00-01.v2wzx.mongodb.net:27017] DEBUG org.mongodb.driver.cluster - Checking status of mfilx-shard-00-01.v2wzx.mongodb.net:27017
15:34:50.853 [cluster-ClusterId{value='61f905b9cc4ddf3004d17935', description='null'}-mfilx-shard-00-01.v2wzx.mongodb.net:27017] INFO org.mongodb.driver.connection - Opened connection [connectionId{localValue:2, serverValue:10396}] to mfilx-shard-00-01.v2wzx.mongodb.net:27017
15:34:50.854 [cluster-ClusterId{value='61f905b9cc4ddf3004d17935', description='null'}-mfilx-shard-00-01.v2wzx.mongodb.net:27017] DEBUG org.mongodb.driver.cluster - Checking status of mfilx-shard-00-01.v2wzx.mongodb.net:27017
15:34:50.854 [cluster-ClusterId{value='61f905bbcc4ddf3004d17938', description='null'}-mfilx-shard-00-00.v2wzx.mongodb.net:27017] INFO org.mongodb.driver.connection - Opened connection [connectionId{localValue:10, serverValue:11267}] to mfilx-shard-00-00.v2wzx.mongodb.net:27017
15:34:50.854 [cluster-ClusterId{value='61f905bbcc4ddf3004d17938', description='null'}-mfilx-shard-00-00.v2wzx.mongodb.net:27017] DEBUG org.mongodb.driver.cluster - Checking status of mfilx-shard-00-00.v2wzx.mongodb.net:27017
15:34:50.887 [cluster-ClusterId{value='61f905bbcc4ddf3004d17937', description='null'}-mfilx-shard-00-00.v2wzx.mongodb.net:27017] INFO org.mongodb.driver.connection - Opened connection [connectionId{localValue:7, serverValue:11267}] to mfilx-shard-00-00.v2wzx.mongodb.net:27017
15:34:50.887 [cluster-ClusterId{value='61f905bbcc4ddf3004d17937', description='null'}-mfilx-shard-00-00.v2wzx.mongodb.net:27017] DEBUG org.mongodb.driver.cluster - Checking status of mfilx-shard-00-00.v2wzx.mongodb.net:27017
15:34:50.904 [cluster-ClusterId{value='61f905bbcc4ddf3004d17936', description='null'}-mfilx-shard-00-02.v2wzx.mongodb.net:27017] INFO org.mongodb.driver.connection - Opened connection [connectionId{localValue:6, serverValue:11816}] to mfilx-shard-00-02.v2wzx.mongodb.net:27017
15:34:50.904 [cluster-ClusterId{value='61f905bbcc4ddf3004d17936', description='null'}-mfilx-shard-00-02.v2wzx.mongodb.net:27017] DEBUG org.mongodb.driver.cluster - Checking status of mfilx-shard-00-02.v2wzx.mongodb.net:27017
15:34:50.905 [cluster-ClusterId{value='61f905b9cc4ddf3004d17935', description='null'}-mfilx-shard-00-00.v2wzx.mongodb.net:27017] INFO org.mongodb.driver.connection - Opened connection [connectionId{localValue:3, serverValue:11267}] to mfilx-shard-00-00.v2wzx.mongodb.net:27017
15:34:50.905 [cluster-ClusterId{value='61f905b9cc4ddf3004d17935', description='null'}-mfilx-shard-00-00.v2wzx.mongodb.net:27017] DEBUG org.mongodb.driver.cluster - Checking status of mfilx-shard-00-00.v2wzx.mongodb.net:27017
15:34:50.906 [cluster-ClusterId{value='61f905bbcc4ddf3004d1793a', description='null'}-mfilx-shard-00-00.v2wzx.mongodb.net:27017] INFO org.mongodb.driver.connection - Opened connection [connectionId{localValue:16, serverValue:11267}] to mfilx-shard-00-00.v2wzx.mongodb.net:27017
15:34:50.907 [cluster-ClusterId{value='61f905bbcc4ddf3004d17939', description='null'}-mfilx-shard-00-00.v2wzx.mongodb.net:27017] INFO org.mongodb.driver.connection - Opened connection [connectionId{localValue:13, serverValue:11267}] to mfilx-shard-00-00.v2wzx.mongodb.net:27017
15:34:50.907 [cluster-ClusterId{value='61f905bbcc4ddf3004d17939', description='null'}-mfilx-shard-00-00.v2wzx.mongodb.net:27017] DEBUG org.mongodb.driver.cluster - Checking status of mfilx-shard-00-00.v2wzx.mongodb.net:27017
15:34:50.908 [cluster-ClusterId{value='61f905bbcc4ddf3004d1793a', description='null'}-mfilx-shard-00-00.v2wzx.mongodb.net:27017] DEBUG org.mongodb.driver.cluster - Checking status of mfilx-shard-00-00.v2wzx.mongodb.net:27017
15:34:50.909 [cluster-ClusterId{value='61f905bbcc4ddf3004d17936', description='null'}-mfilx-shard-00-00.v2wzx.mongodb.net:27017] INFO org.mongodb.driver.connection - Opened connection [connectionId{localValue:4, serverValue:11267}] to mfilx-shard-00-00.v2wzx.mongodb.net:27017
15:34:50.910 [cluster-ClusterId{value='61f905bbcc4ddf3004d17936', description='null'}-mfilx-shard-00-00.v2wzx.mongodb.net:27017] DEBUG org.mongodb.driver.cluster - Checking status of mfilx-shard-00-00.v2wzx.mongodb.net:27017
15:34:50.915 [cluster-ClusterId{value='61f905bbcc4ddf3004d17939', description='null'}-mfilx-shard-00-02.v2wzx.mongodb.net:27017] INFO org.mongodb.driver.connection - Opened connection [connectionId{localValue:15, serverValue:11816}] to mfilx-shard-00-02.v2wzx.mongodb.net:27017
15:34:50.916 [cluster-ClusterId{value='61f905bbcc4ddf3004d17939', description='null'}-mfilx-shard-00-02.v2wzx.mongodb.net:27017] DEBUG org.mongodb.driver.cluster - Checking status of mfilx-shard-00-02.v2wzx.mongodb.net:27017
15:34:50.917 [cluster-ClusterId{value='61f905bbcc4ddf3004d1793a', description='null'}-mfilx-shard-00-02.v2wzx.mongodb.net:27017] INFO org.mongodb.driver.connection - Opened connection [connectionId{localValue:18, serverValue:11816}] to mfilx-shard-00-02.v2wzx.mongodb.net:27017
15:34:50.917 [cluster-ClusterId{value='61f905bbcc4ddf3004d1793a', description='null'}-mfilx-shard-00-02.v2wzx.mongodb.net:27017] DEBUG org.mongodb.driver.cluster - Checking status of mfilx-shard-00-02.v2wzx.mongodb.net:27017
15:34:50.919 [cluster-ClusterId{value='61f905bbcc4ddf3004d1793b', description='null'}-mfilx-shard-00-02.v2wzx.mongodb.net:27017] INFO org.mongodb.driver.connection - Opened connection [connectionId{localValue:21, serverValue:11816}] to mfilx-shard-00-02.v2wzx.mongodb.net:27017
15:34:50.920 [cluster-ClusterId{value='61f905bbcc4ddf3004d1793b', description='null'}-mfilx-shard-00-02.v2wzx.mongodb.net:27017] DEBUG org.mongodb.driver.cluster - Checking status of mfilx-shard-00-02.v2wzx.mongodb.net:27017
15:34:50.920 [cluster-ClusterId{value='61f905bbcc4ddf3004d17937', description='null'}-mfilx-shard-00-01.v2wzx.mongodb.net:27017] INFO org.mongodb.driver.connection - Opened connection [connectionId{localValue:8, serverValue:10396}] to mfilx-shard-00-01.v2wzx.mongodb.net:27017
15:34:50.921 [cluster-ClusterId{value='61f905bbcc4ddf3004d17937', description='null'}-mfilx-shard-00-01.v2wzx.mongodb.net:27017] DEBUG org.mongodb.driver.cluster - Checking status of mfilx-shard-00-01.v2wzx.mongodb.net:27017
15:34:50.921 [cluster-ClusterId{value='61f905bbcc4ddf3004d17936', description='null'}-mfilx-shard-00-01.v2wzx.mongodb.net:27017] INFO org.mongodb.driver.connection - Opened connection [connectionId{localValue:5, serverValue:10396}] to mfilx-shard-00-01.v2wzx.mongodb.net:27017
15:34:50.921 [cluster-ClusterId{value='61f905bbcc4ddf3004d17936', description='null'}-mfilx-shard-00-01.v2wzx.mongodb.net:27017] DEBUG org.mongodb.driver.cluster - Checking status of mfilx-shard-00-01.v2wzx.mongodb.net:27017
15:34:50.923 [cluster-ClusterId{value='61f905bbcc4ddf3004d17938', description='null'}-mfilx-shard-00-01.v2wzx.mongodb.net:27017] INFO org.mongodb.driver.connection - Opened connection [connectionId{localValue:11, serverValue:10396}] to mfilx-shard-00-01.v2wzx.mongodb.net:27017
15:34:50.924 [cluster-ClusterId{value='61f905bbcc4ddf3004d17938', description='null'}-mfilx-shard-00-01.v2wzx.mongodb.net:27017] DEBUG org.mongodb.driver.cluster - Checking status of mfilx-shard-00-01.v2wzx.mongodb.net:27017
15:34:51.009 [cluster-ClusterId{value='61f905bbcc4ddf3004d17937', description='null'}-mfilx-shard-00-00.v2wzx.mongodb.net:27017] DEBUG org.mongodb.driver.protocol.command - Sending command '{ "ismaster" : 1, "$db" : "admin" }' with request id 72 to database admin on connection [connectionId{localValue:7, serverValue:11267}] to server mfilx-shard-00-00.v2wzx.mongodb.net:27017
15:34:51.010 [cluster-ClusterId{value='61f905b9cc4ddf3004d17935', description='null'}-mfilx-shard-00-01.v2wzx.mongodb.net:27017] DEBUG org.mongodb.driver.protocol.command - Sending command '{ "ismaster" : 1, "$db" : "admin" }' with request id 70 to database admin on connection [connectionId{localValue:2, serverValue:10396}] to server mfilx-shard-00-01.v2wzx.mongodb.net:27017
15:34:51.011 [cluster-ClusterId{value='61f905bbcc4ddf3004d1793a', description='null'}-mfilx-shard-00-01.v2wzx.mongodb.net:27017] DEBUG org.mongodb.driver.protocol.command - Sending command '{ "ismaster" : 1, "$db" : "admin" }' with request id 66 to database admin on connection [connectionId{localValue:17, serverValue:10396}] to server mfilx-shard-00-01.v2wzx.mongodb.net:27017
15:34:51.012 [cluster-ClusterId{value='61f905bbcc4ddf3004d17936', description='null'}-mfilx-shard-00-02.v2wzx.mongodb.net:27017] DEBUG org.mongodb.driver.protocol.command - Sending command '{ "ismaster" : 1, "$db" : "admin" }' with request id 73 to database admin on connection [connectionId{localValue:6, serverValue:11816}] to server mfilx-shard-00-02.v2wzx.mongodb.net:27017
15:34:51.013 [cluster-ClusterId{value='61f905bbcc4ddf3004d17938', description='null'}-mfilx-shard-00-02.v2wzx.mongodb.net:27017] DEBUG org.mongodb.driver.protocol.command - Sending command '{ "ismaster" : 1, "$db" : "admin" }' with request id 65 to database admin on connection [connectionId{localValue:12, serverValue:11816}] to server mfilx-shard-00-02.v2wzx.mongodb.net:27017
15:34:51.014 [cluster-ClusterId{value='61f905bbcc4ddf3004d1793a', description='null'}-mfilx-shard-00-02.v2wzx.mongodb.net:27017] DEBUG org.mongodb.driver.protocol.command - Sending command '{ "ismaster" : 1, "$db" : "admin" }' with request id 79 to database admin on connection [connectionId{localValue:18, serverValue:11816}] to server mfilx-shard-00-02.v2wzx.mongodb.net:27017
15:34:51.017 [cluster-ClusterId{value='61f905bbcc4ddf3004d1793b', description='null'}-mfilx-shard-00-01.v2wzx.mongodb.net:27017] DEBUG org.mongodb.driver.protocol.command - Sending command '{ "ismaster" : 1, "$db" : "admin" }' with request id 58 to database admin on connection [connectionId{localValue:20, serverValue:10396}] to server mfilx-shard-00-01.v2wzx.mongodb.net:27017
15:34:51.019 [cluster-ClusterId{value='61f905bbcc4ddf3004d17938', description='null'}-mfilx-shard-00-00.v2wzx.mongodb.net:27017] DEBUG org.mongodb.driver.protocol.command - Sending command '{ "ismaster" : 1, "$db" : "admin" }' with request id 71 to database admin on connection [connectionId{localValue:10, serverValue:11267}] to server mfilx-shard-00-00.v2wzx.mongodb.net:27017
15:34:51.021 [cluster-ClusterId{value='61f905bbcc4ddf3004d17939', description='null'}-mfilx-shard-00-00.v2wzx.mongodb.net:27017] DEBUG org.mongodb.driver.protocol.command - Sending command '{ "ismaster" : 1, "$db" : "admin" }' with request id 75 to database admin on connection [connectionId{localValue:13, serverValue:11267}] to server mfilx-shard-00-00.v2wzx.mongodb.net:27017
15:34:51.021 [cluster-ClusterId{value='61f905bbcc4ddf3004d1793b', description='null'}-mfilx-shard-00-02.v2wzx.mongodb.net:27017] DEBUG org.mongodb.driver.protocol.command - Sending command '{ "ismaster" : 1, "$db" : "admin" }' with request id 80 to database admin on connection [connectionId{localValue:21, serverValue:11816}] to server mfilx-shard-00-02.v2wzx.mongodb.net:27017
15:34:51.022 [cluster-ClusterId{value='61f905bbcc4ddf3004d17937', description='null'}-mfilx-shard-00-02.v2wzx.mongodb.net:27017] DEBUG org.mongodb.driver.protocol.command - Sending command '{ "ismaster" : 1, "$db" : "admin" }' with request id 55 to database admin on connection [connectionId{localValue:9, serverValue:11816}] to server mfilx-shard-00-02.v2wzx.mongodb.net:27017
15:34:51.036 [cluster-ClusterId{value='61f905bbcc4ddf3004d17937', description='null'}-mfilx-shard-00-01.v2wzx.mongodb.net:27017] DEBUG org.mongodb.driver.protocol.command - Sending command '{ "ismaster" : 1, "$db" : "admin" }' with request id 81 to database admin on connection [connectionId{localValue:8, serverValue:10396}] to server mfilx-shard-00-01.v2wzx.mongodb.net:27017
15:34:51.038 [cluster-ClusterId{value='61f905bbcc4ddf3004d17939', description='null'}-mfilx-shard-00-01.v2wzx.mongodb.net:27017] DEBUG org.mongodb.driver.protocol.command - Sending command '{ "ismaster" : 1, "$db" : "admin" }' with request id 59 to database admin on connection [connectionId{localValue:14, serverValue:10396}] to server mfilx-shard-00-01.v2wzx.mongodb.net:27017
15:34:51.038 [cluster-ClusterId{value='61f905bbcc4ddf3004d1793a', description='null'}-mfilx-shard-00-00.v2wzx.mongodb.net:27017] DEBUG org.mongodb.driver.protocol.command - Sending command '{ "ismaster" : 1, "$db" : "admin" }' with request id 76 to database admin on connection [connectionId{localValue:16, serverValue:11267}] to server mfilx-shard-00-00.v2wzx.mongodb.net:27017
15:34:51.041 [cluster-ClusterId{value='61f905bbcc4ddf3004d17938', description='null'}-mfilx-shard-00-01.v2wzx.mongodb.net:27017] DEBUG org.mongodb.driver.protocol.command - Sending command '{ "ismaster" : 1, "$db" : "admin" }' with request id 83 to database admin on connection [connectionId{localValue:11, serverValue:10396}] to server mfilx-shard-00-01.v2wzx.mongodb.net:27017
15:34:51.042 [cluster-ClusterId{value='61f905bbcc4ddf3004d17936', description='null'}-mfilx-shard-00-00.v2wzx.mongodb.net:27017] DEBUG org.mongodb.driver.protocol.command - Sending command '{ "ismaster" : 1, "$db" : "admin" }' with request id 77 to database admin on connection [connectionId{localValue:4, serverValue:11267}] to server mfilx-shard-00-00.v2wzx.mongodb.net:27017
15:34:51.042 [cluster-ClusterId{value='61f905b9cc4ddf3004d17935', description='null'}-mfilx-shard-00-00.v2wzx.mongodb.net:27017] DEBUG org.mongodb.driver.protocol.command - Sending command '{ "ismaster" : 1, "$db" : "admin" }' with request id 74 to database admin on connection [connectionId{localValue:3, serverValue:11267}] to server mfilx-shard-00-00.v2wzx.mongodb.net:27017
15:34:51.043 [cluster-ClusterId{value='61f905bbcc4ddf3004d17939', description='null'}-mfilx-shard-00-02.v2wzx.mongodb.net:27017] DEBUG org.mongodb.driver.protocol.command - Sending command '{ "ismaster" : 1, "$db" : "admin" }' with request id 78 to database admin on connection [connectionId{localValue:15, serverValue:11816}] to server mfilx-shard-00-02.v2wzx.mongodb.net:27017
15:34:51.044 [cluster-ClusterId{value='61f905bbcc4ddf3004d17936', description='null'}-mfilx-shard-00-01.v2wzx.mongodb.net:27017] DEBUG org.mongodb.driver.protocol.command - Sending command '{ "ismaster" : 1, "$db" : "admin" }' with request id 82 to database admin on connection [connectionId{localValue:5, serverValue:10396}] to server mfilx-shard-00-01.v2wzx.mongodb.net:27017
15:34:51.044 [cluster-ClusterId{value='61f905bbcc4ddf3004d1793b', description='null'}-mfilx-shard-00-00.v2wzx.mongodb.net:27017] DEBUG org.mongodb.driver.protocol.command - Sending command '{ "ismaster" : 1, "$db" : "admin" }' with request id 63 to database admin on connection [connectionId{localValue:19, serverValue:11267}] to server mfilx-shard-00-00.v2wzx.mongodb.net:27017
15:34:51.070 [cluster-ClusterId{value='61f905bbcc4ddf3004d1793b', description='null'}-mfilx-shard-00-01.v2wzx.mongodb.net:27017] DEBUG org.mongodb.driver.protocol.command - Execution of command with request id 58 completed successfully in 203.94 ms on connection [connectionId{localValue:20, serverValue:10396}] to server mfilx-shard-00-01.v2wzx.mongodb.net:27017
15:34:51.071 [cluster-ClusterId{value='61f905bbcc4ddf3004d17938', description='null'}-mfilx-shard-00-02.v2wzx.mongodb.net:27017] DEBUG org.mongodb.driver.protocol.command - Execution of command with request id 65 completed successfully in 220.73 ms on connection [connectionId{localValue:12, serverValue:11816}] to server mfilx-shard-00-02.v2wzx.mongodb.net:27017
15:34:51.072 [cluster-ClusterId{value='61f905bbcc4ddf3004d1793a', description='null'}-mfilx-shard-00-01.v2wzx.mongodb.net:27017] DEBUG org.mongodb.driver.protocol.command - Execution of command with request id 66 completed successfully in 220.26 ms on connection [connectionId{localValue:17, serverValue:10396}] to server mfilx-shard-00-01.v2wzx.mongodb.net:27017
15:34:51.072 [cluster-ClusterId{value='61f905b9cc4ddf3004d17935', description='null'}-mfilx-shard-00-01.v2wzx.mongodb.net:27017] DEBUG org.mongodb.driver.protocol.command - Execution of command with request id 70 completed successfully in 217.87 ms on connection [connectionId{localValue:2, serverValue:10396}] to server mfilx-shard-00-01.v2wzx.mongodb.net:27017
15:34:51.077 [cluster-ClusterId{value='61f905bbcc4ddf3004d17937', description='null'}-mfilx-shard-00-02.v2wzx.mongodb.net:27017] DEBUG org.mongodb.driver.protocol.command - Execution of command with request id 55 completed successfully in 228.59 ms on connection [connectionId{localValue:9, serverValue:11816}] to server mfilx-shard-00-02.v2wzx.mongodb.net:27017
15:34:51.079 [cluster-ClusterId{value='61f905bbcc4ddf3004d1793a', description='null'}-mfilx-shard-00-02.v2wzx.mongodb.net:27017] DEBUG org.mongodb.driver.protocol.command - Execution of command with request id 79 completed successfully in 154.27 ms on connection [connectionId{localValue:18, serverValue:11816}] to server mfilx-shard-00-02.v2wzx.mongodb.net:27017
15:34:51.080 [cluster-ClusterId{value='61f905bbcc4ddf3004d17937', description='null'}-mfilx-shard-00-00.v2wzx.mongodb.net:27017] DEBUG org.mongodb.driver.protocol.command - Execution of command with request id 72 completed successfully in 192.37 ms on connection [connectionId{localValue:7, serverValue:11267}] to server mfilx-shard-00-00.v2wzx.mongodb.net:27017
15:34:51.080 [cluster-ClusterId{value='61f905bbcc4ddf3004d17938', description='null'}-mfilx-shard-00-00.v2wzx.mongodb.net:27017] DEBUG org.mongodb.driver.protocol.command - Execution of command with request id 71 completed successfully in 225.47 ms on connection [connectionId{localValue:10, serverValue:11267}] to server mfilx-shard-00-00.v2wzx.mongodb.net:27017
15:34:51.081 [cluster-ClusterId{value='61f905bbcc4ddf3004d17939', description='null'}-mfilx-shard-00-01.v2wzx.mongodb.net:27017] DEBUG org.mongodb.driver.protocol.command - Execution of command with request id 59 completed successfully in 232.51 ms on connection [connectionId{localValue:14, serverValue:10396}] to server mfilx-shard-00-01.v2wzx.mongodb.net:27017
15:34:51.081 [cluster-ClusterId{value='61f905bbcc4ddf3004d17936', description='null'}-mfilx-shard-00-02.v2wzx.mongodb.net:27017] DEBUG org.mongodb.driver.protocol.command - Execution of command with request id 73 completed successfully in 176.76 ms on connection [connectionId{localValue:6, serverValue:11816}] to server mfilx-shard-00-02.v2wzx.mongodb.net:27017
15:34:51.086 [cluster-ClusterId{value='61f905bbcc4ddf3004d1793b', description='null'}-mfilx-shard-00-00.v2wzx.mongodb.net:27017] DEBUG org.mongodb.driver.protocol.command - Execution of command with request id 63 completed successfully in 238.06 ms on connection [connectionId{localValue:19, serverValue:11267}] to server mfilx-shard-00-00.v2wzx.mongodb.net:27017
15:34:51.089 [cluster-ClusterId{value='61f905bbcc4ddf3004d17939', description='null'}-mfilx-shard-00-00.v2wzx.mongodb.net:27017] DEBUG org.mongodb.driver.protocol.command - Execution of command with request id 75 completed successfully in 163.96 ms on connection [connectionId{localValue:13, serverValue:11267}] to server mfilx-shard-00-00.v2wzx.mongodb.net:27017
15:34:51.096 [cluster-ClusterId{value='61f905bbcc4ddf3004d1793b', description='null'}-mfilx-shard-00-02.v2wzx.mongodb.net:27017] DEBUG org.mongodb.driver.protocol.command - Execution of command with request id 80 completed successfully in 175.83 ms on connection [connectionId{localValue:21, serverValue:11816}] to server mfilx-shard-00-02.v2wzx.mongodb.net:27017
15:34:51.106 [cluster-ClusterId{value='61f905bbcc4ddf3004d17937', description='null'}-mfilx-shard-00-01.v2wzx.mongodb.net:27017] DEBUG org.mongodb.driver.protocol.command - Execution of command with request id 81 completed successfully in 185.54 ms on connection [connectionId{localValue:8, serverValue:10396}] to server mfilx-shard-00-01.v2wzx.mongodb.net:27017
15:34:51.116 [cluster-ClusterId{value='61f905bbcc4ddf3004d17936', description='null'}-mfilx-shard-00-00.v2wzx.mongodb.net:27017] DEBUG org.mongodb.driver.protocol.command - Execution of command with request id 77 completed successfully in 191.25 ms on connection [connectionId{localValue:4, serverValue:11267}] to server mfilx-shard-00-00.v2wzx.mongodb.net:27017
15:34:51.120 [cluster-ClusterId{value='61f905b9cc4ddf3004d17935', description='null'}-mfilx-shard-00-00.v2wzx.mongodb.net:27017] DEBUG org.mongodb.driver.protocol.command - Execution of command with request id 74 completed successfully in 195.73 ms on connection [connectionId{localValue:3, serverValue:11267}] to server mfilx-shard-00-00.v2wzx.mongodb.net:27017
15:34:51.121 [cluster-ClusterId{value='61f905bbcc4ddf3004d17939', description='null'}-mfilx-shard-00-02.v2wzx.mongodb.net:27017] DEBUG org.mongodb.driver.protocol.command - Execution of command with request id 78 completed successfully in 196.44 ms on connection [connectionId{localValue:15, serverValue:11816}] to server mfilx-shard-00-02.v2wzx.mongodb.net:27017
15:34:51.122 [cluster-ClusterId{value='61f905bbcc4ddf3004d17936', description='null'}-mfilx-shard-00-01.v2wzx.mongodb.net:27017] DEBUG org.mongodb.driver.protocol.command - Execution of command with request id 82 completed successfully in 197.76 ms on connection [connectionId{localValue:5, serverValue:10396}] to server mfilx-shard-00-01.v2wzx.mongodb.net:27017
15:34:51.124 [cluster-ClusterId{value='61f905bbcc4ddf3004d17938', description='null'}-mfilx-shard-00-01.v2wzx.mongodb.net:27017] DEBUG org.mongodb.driver.protocol.command - Execution of command with request id 83 completed successfully in 199.52 ms on connection [connectionId{localValue:11, serverValue:10396}] to server mfilx-shard-00-01.v2wzx.mongodb.net:27017
15:34:51.128 [cluster-ClusterId{value='61f905bbcc4ddf3004d1793a', description='null'}-mfilx-shard-00-00.v2wzx.mongodb.net:27017] DEBUG org.mongodb.driver.protocol.command - Execution of command with request id 76 completed successfully in 202.82 ms on connection [connectionId{localValue:16, serverValue:11267}] to server mfilx-shard-00-00.v2wzx.mongodb.net:27017
15:34:51.132 [cluster-ClusterId{value='61f905bbcc4ddf3004d17939', description='null'}-mfilx-shard-00-01.v2wzx.mongodb.net:27017] INFO org.mongodb.driver.cluster - Monitor thread successfully connected to server with description ServerDescription{address=mfilx-shard-00-01.v2wzx.mongodb.net:27017, type=REPLICA_SET_SECONDARY, state=CONNECTED, ok=true, version=ServerVersion{versionList=[4, 4, 12]}, minWireVersion=0, maxWireVersion=9, maxDocumentSize=16777216, logicalSessionTimeoutMinutes=30, roundTripTimeNanos=254355900, setName='atlas-csjqm5-shard-0', canonicalAddress=mfilx-shard-00-01.v2wzx.mongodb.net:27017, hosts=[mfilx-shard-00-00.v2wzx.mongodb.net:27017, mfilx-shard-00-01.v2wzx.mongodb.net:27017, mfilx-shard-00-02.v2wzx.mongodb.net:27017], passives=[], arbiters=[], primary='mfilx-shard-00-02.v2wzx.mongodb.net:27017', tagSet=TagSet{[Tag{name='workloadType', value='OPERATIONAL'}, Tag{name='provider', value='AWS'}, Tag{name='region', value='AP_SOUTH_1'}, Tag{name='nodeType', value='ELECTABLE'}]}, electionId=null, setVersion=5, lastWriteDate=Tue Feb 01 15:34:56 IST 2022, lastUpdateTimeNanos=246739388995200}
15:34:51.134 [cluster-ClusterId{value='61f905bbcc4ddf3004d1793b', description='null'}-mfilx-shard-00-01.v2wzx.mongodb.net:27017] INFO org.mongodb.driver.cluster - Monitor thread successfully connected to server with description ServerDescription{address=mfilx-shard-00-01.v2wzx.mongodb.net:27017, type=REPLICA_SET_SECONDARY, state=CONNECTED, ok=true, version=ServerVersion{versionList=[4, 4, 12]}, minWireVersion=0, maxWireVersion=9, maxDocumentSize=16777216, logicalSessionTimeoutMinutes=30, roundTripTimeNanos=246793800, setName='atlas-csjqm5-shard-0', canonicalAddress=mfilx-shard-00-01.v2wzx.mongodb.net:27017, hosts=[mfilx-shard-00-00.v2wzx.mongodb.net:27017, mfilx-shard-00-01.v2wzx.mongodb.net:27017, mfilx-shard-00-02.v2wzx.mongodb.net:27017], passives=[], arbiters=[], primary='mfilx-shard-00-02.v2wzx.mongodb.net:27017', tagSet=TagSet{[Tag{name='workloadType', value='OPERATIONAL'}, Tag{name='provider', value='AWS'}, Tag{name='region', value='AP_SOUTH_1'}, Tag{name='nodeType', value='ELECTABLE'}]}, electionId=null, setVersion=5, lastWriteDate=Tue Feb 01 15:34:56 IST 2022, lastUpdateTimeNanos=246739388155200}
15:34:51.134 [cluster-ClusterId{value='61f905b9cc4ddf3004d17935', description='null'}-mfilx-shard-00-01.v2wzx.mongodb.net:27017] INFO org.mongodb.driver.cluster - Monitor thread successfully connected to server with description ServerDescription{address=mfilx-shard-00-01.v2wzx.mongodb.net:27017, type=REPLICA_SET_SECONDARY, state=CONNECTED, ok=true, version=ServerVersion{versionList=[4, 4, 12]}, minWireVersion=0, maxWireVersion=9, maxDocumentSize=16777216, logicalSessionTimeoutMinutes=30, roundTripTimeNanos=218561900, setName='atlas-csjqm5-shard-0', canonicalAddress=mfilx-shard-00-01.v2wzx.mongodb.net:27017, hosts=[mfilx-shard-00-00.v2wzx.mongodb.net:27017, mfilx-shard-00-01.v2wzx.mongodb.net:27017, mfilx-shard-00-02.v2wzx.mongodb.net:27017], passives=[], arbiters=[], primary='mfilx-shard-00-02.v2wzx.mongodb.net:27017', tagSet=TagSet{[Tag{name='workloadType', value='OPERATIONAL'}, Tag{name='provider', value='AWS'}, Tag{name='region', value='AP_SOUTH_1'}, Tag{name='nodeType', value='ELECTABLE'}]}, electionId=null, setVersion=5, lastWriteDate=Tue Feb 01 15:34:56 IST 2022, lastUpdateTimeNanos=246739390946800}
15:34:51.134 [cluster-ClusterId{value='61f905bbcc4ddf3004d1793a', description='null'}-mfilx-shard-00-02.v2wzx.mongodb.net:27017] INFO org.mongodb.driver.cluster - Monitor thread successfully connected to server with description ServerDescription{address=mfilx-shard-00-02.v2wzx.mongodb.net:27017, type=REPLICA_SET_PRIMARY, state=CONNECTED, ok=true, version=ServerVersion{versionList=[4, 4, 12]}, minWireVersion=0, maxWireVersion=9, maxDocumentSize=16777216, logicalSessionTimeoutMinutes=30, roundTripTimeNanos=162774500, setName='atlas-csjqm5-shard-0', canonicalAddress=mfilx-shard-00-02.v2wzx.mongodb.net:27017, hosts=[mfilx-shard-00-00.v2wzx.mongodb.net:27017, mfilx-shard-00-01.v2wzx.mongodb.net:27017, mfilx-shard-00-02.v2wzx.mongodb.net:27017], passives=[], arbiters=[], primary='mfilx-shard-00-02.v2wzx.mongodb.net:27017', tagSet=TagSet{[Tag{name='workloadType', value='OPERATIONAL'}, Tag{name='nodeType', value='ELECTABLE'}, Tag{name='provider', value='AWS'}, Tag{name='region', value='AP_SOUTH_1'}]}, electionId=7fffffff0000000000000052, setVersion=5, lastWriteDate=Tue Feb 01 15:34:56 IST 2022, lastUpdateTimeNanos=246739389241700}
15:34:51.134 [cluster-ClusterId{value='61f905bbcc4ddf3004d17938', description='null'}-mfilx-shard-00-02.v2wzx.mongodb.net:27017] INFO org.mongodb.driver.cluster - Monitor thread successfully connected to server with description ServerDescription{address=mfilx-shard-00-02.v2wzx.mongodb.net:27017, type=REPLICA_SET_PRIMARY, state=CONNECTED, ok=true, version=ServerVersion{versionList=[4, 4, 12]}, minWireVersion=0, maxWireVersion=9, maxDocumentSize=16777216, logicalSessionTimeoutMinutes=30, roundTripTimeNanos=238682900, setName='atlas-csjqm5-shard-0', canonicalAddress=mfilx-shard-00-02.v2wzx.mongodb.net:27017, hosts=[mfilx-shard-00-00.v2wzx.mongodb.net:27017, mfilx-shard-00-01.v2wzx.mongodb.net:27017, mfilx-shard-00-02.v2wzx.mongodb.net:27017], passives=[], arbiters=[], primary='mfilx-shard-00-02.v2wzx.mongodb.net:27017', tagSet=TagSet{[Tag{name='workloadType', value='OPERATIONAL'}, Tag{name='nodeType', value='ELECTABLE'}, Tag{name='provider', value='AWS'}, Tag{name='region', value='AP_SOUTH_1'}]}, electionId=7fffffff0000000000000052, setVersion=5, lastWriteDate=Tue Feb 01 15:34:56 IST 2022, lastUpdateTimeNanos=246739391068800}
15:34:51.135 [cluster-ClusterId{value='61f905bbcc4ddf3004d17937', description='null'}-mfilx-shard-00-01.v2wzx.mongodb.net:27017] INFO org.mongodb.driver.cluster - Monitor thread successfully connected to server with description ServerDescription{address=mfilx-shard-00-01.v2wzx.mongodb.net:27017, type=REPLICA_SET_SECONDARY, state=CONNECTED, ok=true, version=ServerVersion{versionList=[4, 4, 12]}, minWireVersion=0, maxWireVersion=9, maxDocumentSize=16777216, logicalSessionTimeoutMinutes=30, roundTripTimeNanos=186190300, setName='atlas-csjqm5-shard-0', canonicalAddress=mfilx-shard-00-01.v2wzx.mongodb.net:27017, hosts=[mfilx-shard-00-00.v2wzx.mongodb.net:27017, mfilx-shard-00-01.v2wzx.mongodb.net:27017, mfilx-shard-00-02.v2wzx.mongodb.net:27017], passives=[], arbiters=[], primary='mfilx-shard-00-02.v2wzx.mongodb.net:27017', tagSet=TagSet{[Tag{name='workloadType', value='OPERATIONAL'}, Tag{name='provider', value='AWS'}, Tag{name='region', value='AP_SOUTH_1'}, Tag{name='nodeType', value='ELECTABLE'}]}, electionId=null, setVersion=5, lastWriteDate=Tue Feb 01 15:34:56 IST 2022, lastUpdateTimeNanos=246739394896100}
15:34:51.135 [cluster-ClusterId{value='61f905bbcc4ddf3004d17936', description='null'}-mfilx-shard-00-00.v2wzx.mongodb.net:27017] INFO org.mongodb.driver.cluster - Monitor thread successfully connected to server with description ServerDescription{address=mfilx-shard-00-00.v2wzx.mongodb.net:27017, type=REPLICA_SET_SECONDARY, state=CONNECTED, ok=true, version=ServerVersion{versionList=[4, 4, 12]}, minWireVersion=0, maxWireVersion=9, maxDocumentSize=16777216, logicalSessionTimeoutMinutes=30, roundTripTimeNanos=206387300, setName='atlas-csjqm5-shard-0', canonicalAddress=mfilx-shard-00-00.v2wzx.mongodb.net:27017, hosts=[mfilx-shard-00-00.v2wzx.mongodb.net:27017, mfilx-shard-00-01.v2wzx.mongodb.net:27017, mfilx-shard-00-02.v2wzx.mongodb.net:27017], passives=[], arbiters=[], primary='mfilx-shard-00-02.v2wzx.mongodb.net:27017', tagSet=TagSet{[Tag{name='provider', value='AWS'}, Tag{name='workloadType', value='OPERATIONAL'}, Tag{name='nodeType', value='ELECTABLE'}, Tag{name='region', value='AP_SOUTH_1'}]}, electionId=null, setVersion=5, lastWriteDate=Tue Feb 01 15:34:56 IST 2022, lastUpdateTimeNanos=246739404883500}
15:34:51.135 [cluster-ClusterId{value='61f905bbcc4ddf3004d17936', description='null'}-mfilx-shard-00-02.v2wzx.mongodb.net:27017] INFO org.mongodb.driver.cluster - Monitor thread successfully connected to server with description ServerDescription{address=mfilx-shard-00-02.v2wzx.mongodb.net:27017, type=REPLICA_SET_PRIMARY, state=CONNECTED, ok=true, version=ServerVersion{versionList=[4, 4, 12]}, minWireVersion=0, maxWireVersion=9, maxDocumentSize=16777216, logicalSessionTimeoutMinutes=30, roundTripTimeNanos=177441800, setName='atlas-csjqm5-shard-0', canonicalAddress=mfilx-shard-00-02.v2wzx.mongodb.net:27017, hosts=[mfilx-shard-00-00.v2wzx.mongodb.net:27017, mfilx-shard-00-01.v2wzx.mongodb.net:27017, mfilx-shard-00-02.v2wzx.mongodb.net:27017], passives=[], arbiters=[], primary='mfilx-shard-00-02.v2wzx.mongodb.net:27017', tagSet=TagSet{[Tag{name='workloadType', value='OPERATIONAL'}, Tag{name='nodeType', value='ELECTABLE'}, Tag{name='provider', value='AWS'}, Tag{name='region', value='AP_SOUTH_1'}]}, electionId=7fffffff0000000000000052, setVersion=5, lastWriteDate=Tue Feb 01 15:34:56 IST 2022, lastUpdateTimeNanos=246739388877600}
15:34:51.135 [cluster-ClusterId{value='61f905b9cc4ddf3004d17935', description='null'}-mfilx-shard-00-00.v2wzx.mongodb.net:27017] INFO org.mongodb.driver.cluster - Monitor thread successfully connected to server with description ServerDescription{address=mfilx-shard-00-00.v2wzx.mongodb.net:27017, type=REPLICA_SET_SECONDARY, state=CONNECTED, ok=true, version=ServerVersion{versionList=[4, 4, 12]}, minWireVersion=0, maxWireVersion=9, maxDocumentSize=16777216, logicalSessionTimeoutMinutes=30, roundTripTimeNanos=215590700, setName='atlas-csjqm5-shard-0', canonicalAddress=mfilx-shard-00-00.v2wzx.mongodb.net:27017, hosts=[mfilx-shard-00-00.v2wzx.mongodb.net:27017, mfilx-shard-00-01.v2wzx.mongodb.net:27017, mfilx-shard-00-02.v2wzx.mongodb.net:27017], passives=[], arbiters=[], primary='mfilx-shard-00-02.v2wzx.mongodb.net:27017', tagSet=TagSet{[Tag{name='provider', value='AWS'}, Tag{name='workloadType', value='OPERATIONAL'}, Tag{name='nodeType', value='ELECTABLE'}, Tag{name='region', value='AP_SOUTH_1'}]}, electionId=null, setVersion=5, lastWriteDate=Tue Feb 01 15:34:56 IST 2022, lastUpdateTimeNanos=246739409093000}
15:34:51.135 [cluster-ClusterId{value='61f905bbcc4ddf3004d17939', description='null'}-mfilx-shard-00-00.v2wzx.mongodb.net:27017] INFO org.mongodb.driver.cluster - Monitor thread successfully connected to server with description ServerDescription{address=mfilx-shard-00-00.v2wzx.mongodb.net:27017, type=REPLICA_SET_SECONDARY, state=CONNECTED, ok=true, version=ServerVersion{versionList=[4, 4, 12]}, minWireVersion=0, maxWireVersion=9, maxDocumentSize=16777216, logicalSessionTimeoutMinutes=30, roundTripTimeNanos=182272500, setName='atlas-csjqm5-shard-0', canonicalAddress=mfilx-shard-00-00.v2wzx.mongodb.net:27017, hosts=[mfilx-shard-00-00.v2wzx.mongodb.net:27017, mfilx-shard-00-01.v2wzx.mongodb.net:27017, mfilx-shard-00-02.v2wzx.mongodb.net:27017], passives=[], arbiters=[], primary='mfilx-shard-00-02.v2wzx.mongodb.net:27017', tagSet=TagSet{[Tag{name='region', value='AP_SOUTH_1'}, Tag{name='nodeType', value='ELECTABLE'}, Tag{name='workloadType', value='OPERATIONAL'}, Tag{name='provider', value='AWS'}]}, electionId=null, setVersion=5, lastWriteDate=Tue Feb 01 15:34:56 IST 2022, lastUpdateTimeNanos=246739388613200}
15:34:51.136 [cluster-ClusterId{value='61f905bbcc4ddf3004d17939', description='null'}-mfilx-shard-00-02.v2wzx.mongodb.net:27017] INFO org.mongodb.driver.cluster - Monitor thread successfully connected to server with description ServerDescription{address=mfilx-shard-00-02.v2wzx.mongodb.net:27017, type=REPLICA_SET_PRIMARY, state=CONNECTED, ok=true, version=ServerVersion{versionList=[4, 4, 12]}, minWireVersion=0, maxWireVersion=9, maxDocumentSize=16777216, logicalSessionTimeoutMinutes=30, roundTripTimeNanos=206131400, setName='atlas-csjqm5-shard-0', canonicalAddress=mfilx-shard-00-02.v2wzx.mongodb.net:27017, hosts=[mfilx-shard-00-00.v2wzx.mongodb.net:27017, mfilx-shard-00-01.v2wzx.mongodb.net:27017, mfilx-shard-00-02.v2wzx.mongodb.net:27017], passives=[], arbiters=[], primary='mfilx-shard-00-02.v2wzx.mongodb.net:27017', tagSet=TagSet{[Tag{name='workloadType', value='OPERATIONAL'}, Tag{name='nodeType', value='ELECTABLE'}, Tag{name='provider', value='AWS'}, Tag{name='region', value='AP_SOUTH_1'}]}, electionId=7fffffff0000000000000052, setVersion=5, lastWriteDate=Tue Feb 01 15:34:56 IST 2022, lastUpdateTimeNanos=246739410108200}
15:34:51.136 [cluster-ClusterId{value='61f905bbcc4ddf3004d17938', description='null'}-mfilx-shard-00-00.v2wzx.mongodb.net:27017] INFO org.mongodb.driver.cluster - Monitor thread successfully connected to server with description ServerDescription{address=mfilx-shard-00-00.v2wzx.mongodb.net:27017, type=REPLICA_SET_SECONDARY, state=CONNECTED, ok=true, version=ServerVersion{versionList=[4, 4, 12]}, minWireVersion=0, maxWireVersion=9, maxDocumentSize=16777216, logicalSessionTimeoutMinutes=30, roundTripTimeNanos=226152600, setName='atlas-csjqm5-shard-0', canonicalAddress=mfilx-shard-00-00.v2wzx.mongodb.net:27017, hosts=[mfilx-shard-00-00.v2wzx.mongodb.net:27017, mfilx-shard-00-01.v2wzx.mongodb.net:27017, mfilx-shard-00-02.v2wzx.mongodb.net:27017], passives=[], arbiters=[], primary='mfilx-shard-00-02.v2wzx.mongodb.net:27017', tagSet=TagSet{[Tag{name='region', value='AP_SOUTH_1'}, Tag{name='nodeType', value='ELECTABLE'}, Tag{name='workloadType', value='OPERATIONAL'}, Tag{name='provider', value='AWS'}]}, electionId=null, setVersion=5, lastWriteDate=Tue Feb 01 15:34:56 IST 2022, lastUpdateTimeNanos=246739389105000}
15:34:51.137 [cluster-ClusterId{value='61f905bbcc4ddf3004d17936', description='null'}-mfilx-shard-00-01.v2wzx.mongodb.net:27017] INFO org.mongodb.driver.cluster - Monitor thread successfully connected to server with description ServerDescription{address=mfilx-shard-00-01.v2wzx.mongodb.net:27017, type=REPLICA_SET_SECONDARY, state=CONNECTED, ok=true, version=ServerVersion{versionList=[4, 4, 12]}, minWireVersion=0, maxWireVersion=9, maxDocumentSize=16777216, logicalSessionTimeoutMinutes=30, roundTripTimeNanos=201589000, setName='atlas-csjqm5-shard-0', canonicalAddress=mfilx-shard-00-01.v2wzx.mongodb.net:27017, hosts=[mfilx-shard-00-00.v2wzx.mongodb.net:27017, mfilx-shard-00-01.v2wzx.mongodb.net:27017, mfilx-shard-00-02.v2wzx.mongodb.net:27017], passives=[], arbiters=[], primary='mfilx-shard-00-02.v2wzx.mongodb.net:27017', tagSet=TagSet{[Tag{name='workloadType', value='OPERATIONAL'}, Tag{name='provider', value='AWS'}, Tag{name='region', value='AP_SOUTH_1'}, Tag{name='nodeType', value='ELECTABLE'}]}, electionId=null, setVersion=5, lastWriteDate=Tue Feb 01 15:34:56 IST 2022, lastUpdateTimeNanos=246739411188500}
15:34:51.138 [cluster-ClusterId{value='61f905bbcc4ddf3004d17938', description='null'}-mfilx-shard-00-01.v2wzx.mongodb.net:27017] INFO org.mongodb.driver.cluster - Monitor thread successfully connected to server with description ServerDescription{address=mfilx-shard-00-01.v2wzx.mongodb.net:27017, type=REPLICA_SET_SECONDARY, state=CONNECTED, ok=true, version=ServerVersion{versionList=[4, 4, 12]}, minWireVersion=0, maxWireVersion=9, maxDocumentSize=16777216, logicalSessionTimeoutMinutes=30, roundTripTimeNanos=200196000, setName='atlas-csjqm5-shard-0', canonicalAddress=mfilx-shard-00-01.v2wzx.mongodb.net:27017, hosts=[mfilx-shard-00-00.v2wzx.mongodb.net:27017, mfilx-shard-00-01.v2wzx.mongodb.net:27017, mfilx-shard-00-02.v2wzx.mongodb.net:27017], passives=[], arbiters=[], primary='mfilx-shard-00-02.v2wzx.mongodb.net:27017', tagSet=TagSet{[Tag{name='workloadType', value='OPERATIONAL'}, Tag{name='provider', value='AWS'}, Tag{name='region', value='AP_SOUTH_1'}, Tag{name='nodeType', value='ELECTABLE'}]}, electionId=null, setVersion=5, lastWriteDate=Tue Feb 01 15:34:56 IST 2022, lastUpdateTimeNanos=246739412411900}
15:34:51.138 [cluster-ClusterId{value='61f905bbcc4ddf3004d17937', description='null'}-mfilx-shard-00-02.v2wzx.mongodb.net:27017] INFO org.mongodb.driver.cluster - Monitor thread successfully connected to server with description ServerDescription{address=mfilx-shard-00-02.v2wzx.mongodb.net:27017, type=REPLICA_SET_PRIMARY, state=CONNECTED, ok=true, version=ServerVersion{versionList=[4, 4, 12]}, minWireVersion=0, maxWireVersion=9, maxDocumentSize=16777216, logicalSessionTimeoutMinutes=30, roundTripTimeNanos=254339100, setName='atlas-csjqm5-shard-0', canonicalAddress=mfilx-shard-00-02.v2wzx.mongodb.net:27017, hosts=[mfilx-shard-00-00.v2wzx.mongodb.net:27017, mfilx-shard-00-01.v2wzx.mongodb.net:27017, mfilx-shard-00-02.v2wzx.mongodb.net:27017], passives=[], arbiters=[], primary='mfilx-shard-00-02.v2wzx.mongodb.net:27017', tagSet=TagSet{[Tag{name='workloadType', value='OPERATIONAL'}, Tag{name='nodeType', value='ELECTABLE'}, Tag{name='provider', value='AWS'}, Tag{name='region', value='AP_SOUTH_1'}]}, electionId=7fffffff0000000000000052, setVersion=5, lastWriteDate=Tue Feb 01 15:34:56 IST 2022, lastUpdateTimeNanos=246739390222900}
15:34:51.138 [cluster-ClusterId{value='61f905bbcc4ddf3004d1793b', description='null'}-mfilx-shard-00-00.v2wzx.mongodb.net:27017] INFO org.mongodb.driver.cluster - Monitor thread successfully connected to server with description ServerDescription{address=mfilx-shard-00-00.v2wzx.mongodb.net:27017, type=REPLICA_SET_SECONDARY, state=CONNECTED, ok=true, version=ServerVersion{versionList=[4, 4, 12]}, minWireVersion=0, maxWireVersion=9, maxDocumentSize=16777216, logicalSessionTimeoutMinutes=30, roundTripTimeNanos=255683400, setName='atlas-csjqm5-shard-0', canonicalAddress=mfilx-shard-00-00.v2wzx.mongodb.net:27017, hosts=[mfilx-shard-00-00.v2wzx.mongodb.net:27017, mfilx-shard-00-01.v2wzx.mongodb.net:27017, mfilx-shard-00-02.v2wzx.mongodb.net:27017], passives=[], arbiters=[], primary='mfilx-shard-00-02.v2wzx.mongodb.net:27017', tagSet=TagSet{[Tag{name='provider', value='AWS'}, Tag{name='workloadType', value='OPERATIONAL'}, Tag{name='nodeType', value='ELECTABLE'}, Tag{name='region', value='AP_SOUTH_1'}]}, electionId=null, setVersion=5, lastWriteDate=Tue Feb 01 15:34:56 IST 2022, lastUpdateTimeNanos=246739388155200}
15:34:51.140 [cluster-ClusterId{value='61f905bbcc4ddf3004d17937', description='null'}-mfilx-shard-00-00.v2wzx.mongodb.net:27017] INFO org.mongodb.driver.cluster - Monitor thread successfully connected to server with description ServerDescription{address=mfilx-shard-00-00.v2wzx.mongodb.net:27017, type=REPLICA_SET_SECONDARY, state=CONNECTED, ok=true, version=ServerVersion{versionList=[4, 4, 12]}, minWireVersion=0, maxWireVersion=9, maxDocumentSize=16777216, logicalSessionTimeoutMinutes=30, roundTripTimeNanos=239496200, setName='atlas-csjqm5-shard-0', canonicalAddress=mfilx-shard-00-00.v2wzx.mongodb.net:27017, hosts=[mfilx-shard-00-00.v2wzx.mongodb.net:27017, mfilx-shard-00-01.v2wzx.mongodb.net:27017, mfilx-shard-00-02.v2wzx.mongodb.net:27017], passives=[], arbiters=[], primary='mfilx-shard-00-02.v2wzx.mongodb.net:27017', tagSet=TagSet{[Tag{name='region', value='AP_SOUTH_1'}, Tag{name='nodeType', value='ELECTABLE'}, Tag{name='workloadType', value='OPERATIONAL'}, Tag{name='provider', value='AWS'}]}, electionId=null, setVersion=5, lastWriteDate=Tue Feb 01 15:34:56 IST 2022, lastUpdateTimeNanos=246739414959500}
15:34:51.138 [cluster-ClusterId{value='61f905bbcc4ddf3004d1793b', description='null'}-mfilx-shard-00-02.v2wzx.mongodb.net:27017] INFO org.mongodb.driver.cluster - Monitor thread successfully connected to server with description ServerDescription{address=mfilx-shard-00-02.v2wzx.mongodb.net:27017, type=REPLICA_SET_PRIMARY, state=CONNECTED, ok=true, version=ServerVersion{versionList=[4, 4, 12]}, minWireVersion=0, maxWireVersion=9, maxDocumentSize=16777216, logicalSessionTimeoutMinutes=30, roundTripTimeNanos=179508400, setName='atlas-csjqm5-shard-0', canonicalAddress=mfilx-shard-00-02.v2wzx.mongodb.net:27017, hosts=[mfilx-shard-00-00.v2wzx.mongodb.net:27017, mfilx-shard-00-01.v2wzx.mongodb.net:27017, mfilx-shard-00-02.v2wzx.mongodb.net:27017], passives=[], arbiters=[], primary='mfilx-shard-00-02.v2wzx.mongodb.net:27017', tagSet=TagSet{[Tag{name='workloadType', value='OPERATIONAL'}, Tag{name='nodeType', value='ELECTABLE'}, Tag{name='provider', value='AWS'}, Tag{name='region', value='AP_SOUTH_1'}]}, electionId=7fffffff0000000000000052, setVersion=5, lastWriteDate=Tue Feb 01 15:34:56 IST 2022, lastUpdateTimeNanos=246739388747500}
15:34:51.139 [cluster-ClusterId{value='61f905bbcc4ddf3004d1793a', description='null'}-mfilx-shard-00-00.v2wzx.mongodb.net:27017] INFO org.mongodb.driver.cluster - Monitor thread successfully connected to server with description ServerDescription{address=mfilx-shard-00-00.v2wzx.mongodb.net:27017, type=REPLICA_SET_SECONDARY, state=CONNECTED, ok=true, version=ServerVersion{versionList=[4, 4, 12]}, minWireVersion=0, maxWireVersion=9, maxDocumentSize=16777216, logicalSessionTimeoutMinutes=30, roundTripTimeNanos=220005900, setName='atlas-csjqm5-shard-0', canonicalAddress=mfilx-shard-00-00.v2wzx.mongodb.net:27017, hosts=[mfilx-shard-00-00.v2wzx.mongodb.net:27017, mfilx-shard-00-01.v2wzx.mongodb.net:27017, mfilx-shard-00-02.v2wzx.mongodb.net:27017], passives=[], arbiters=[], primary='mfilx-shard-00-02.v2wzx.mongodb.net:27017', tagSet=TagSet{[Tag{name='provider', value='AWS'}, Tag{name='workloadType', value='OPERATIONAL'}, Tag{name='nodeType', value='ELECTABLE'}, Tag{name='region', value='AP_SOUTH_1'}]}, electionId=null, setVersion=5, lastWriteDate=Tue Feb 01 15:34:56 IST 2022, lastUpdateTimeNanos=246739416482100}
15:34:51.144 [cluster-ClusterId{value='61f905b9cc4ddf3004d17935', description='null'}-mfilx-shard-00-00.v2wzx.mongodb.net:27017] DEBUG org.mongodb.driver.cluster - Updating cluster description to  {type=REPLICA_SET, servers=[{address=mfilx-shard-00-01.v2wzx.mongodb.net:27017, type=UNKNOWN, state=CONNECTING}, {address=mfilx-shard-00-02.v2wzx.mongodb.net:27017, type=UNKNOWN, state=CONNECTING}, {address=mfilx-shard-00-00.v2wzx.mongodb.net:27017, type=REPLICA_SET_SECONDARY, TagSet{[Tag{name='provider', value='AWS'}, Tag{name='workloadType', value='OPERATIONAL'}, Tag{name='nodeType', value='ELECTABLE'}, Tag{name='region', value='AP_SOUTH_1'}]}, roundTripTime=215.6 ms, state=CONNECTED}]
15:34:51.143 [cluster-ClusterId{value='61f905bbcc4ddf3004d17938', description='null'}-mfilx-shard-00-01.v2wzx.mongodb.net:27017] DEBUG org.mongodb.driver.cluster - Updating cluster description to  {type=REPLICA_SET, servers=[{address=mfilx-shard-00-01.v2wzx.mongodb.net:27017, type=REPLICA_SET_SECONDARY, TagSet{[Tag{name='workloadType', value='OPERATIONAL'}, Tag{name='provider', value='AWS'}, Tag{name='region', value='AP_SOUTH_1'}, Tag{name='nodeType', value='ELECTABLE'}]}, roundTripTime=200.2 ms, state=CONNECTED}, {address=mfilx-shard-00-02.v2wzx.mongodb.net:27017, type=UNKNOWN, state=CONNECTING}, {address=mfilx-shard-00-00.v2wzx.mongodb.net:27017, type=UNKNOWN, state=CONNECTING}]
15:34:51.142 [cluster-ClusterId{value='61f905bbcc4ddf3004d1793b', description='null'}-mfilx-shard-00-00.v2wzx.mongodb.net:27017] DEBUG org.mongodb.driver.cluster - Updating cluster description to  {type=REPLICA_SET, servers=[{address=mfilx-shard-00-01.v2wzx.mongodb.net:27017, type=UNKNOWN, state=CONNECTING}, {address=mfilx-shard-00-02.v2wzx.mongodb.net:27017, type=UNKNOWN, state=CONNECTING}, {address=mfilx-shard-00-00.v2wzx.mongodb.net:27017, type=REPLICA_SET_SECONDARY, TagSet{[Tag{name='provider', value='AWS'}, Tag{name='workloadType', value='OPERATIONAL'}, Tag{name='nodeType', value='ELECTABLE'}, Tag{name='region', value='AP_SOUTH_1'}]}, roundTripTime=255.7 ms, state=CONNECTED}]
15:34:51.142 [cluster-ClusterId{value='61f905bbcc4ddf3004d17936', description='null'}-mfilx-shard-00-00.v2wzx.mongodb.net:27017] DEBUG org.mongodb.driver.cluster - Updating cluster description to  {type=REPLICA_SET, servers=[{address=mfilx-shard-00-01.v2wzx.mongodb.net:27017, type=UNKNOWN, state=CONNECTING}, {address=mfilx-shard-00-02.v2wzx.mongodb.net:27017, type=UNKNOWN, state=CONNECTING}, {address=mfilx-shard-00-00.v2wzx.mongodb.net:27017, type=REPLICA_SET_SECONDARY, TagSet{[Tag{name='provider', value='AWS'}, Tag{name='workloadType', value='OPERATIONAL'}, Tag{name='nodeType', value='ELECTABLE'}, Tag{name='region', value='AP_SOUTH_1'}]}, roundTripTime=206.4 ms, state=CONNECTED}]
15:34:51.146 [cluster-ClusterId{value='61f905bbcc4ddf3004d17938', description='null'}-mfilx-shard-00-00.v2wzx.mongodb.net:27017] DEBUG org.mongodb.driver.cluster - Updating cluster description to  {type=REPLICA_SET, servers=[{address=mfilx-shard-00-01.v2wzx.mongodb.net:27017, type=REPLICA_SET_SECONDARY, TagSet{[Tag{name='workloadType', value='OPERATIONAL'}, Tag{name='provider', value='AWS'}, Tag{name='region', value='AP_SOUTH_1'}, Tag{name='nodeType', value='ELECTABLE'}]}, roundTripTime=200.2 ms, state=CONNECTED}, {address=mfilx-shard-00-02.v2wzx.mongodb.net:27017, type=UNKNOWN, state=CONNECTING}, {address=mfilx-shard-00-00.v2wzx.mongodb.net:27017, type=REPLICA_SET_SECONDARY, TagSet{[Tag{name='region', value='AP_SOUTH_1'}, Tag{name='nodeType', value='ELECTABLE'}, Tag{name='workloadType', value='OPERATIONAL'}, Tag{name='provider', value='AWS'}]}, roundTripTime=226.2 ms, state=CONNECTED}]
15:34:51.141 [cluster-ClusterId{value='61f905bbcc4ddf3004d17937', description='null'}-mfilx-shard-00-01.v2wzx.mongodb.net:27017] DEBUG org.mongodb.driver.cluster - Updating cluster description to  {type=REPLICA_SET, servers=[{address=mfilx-shard-00-01.v2wzx.mongodb.net:27017, type=REPLICA_SET_SECONDARY, TagSet{[Tag{name='workloadType', value='OPERATIONAL'}, Tag{name='provider', value='AWS'}, Tag{name='region', value='AP_SOUTH_1'}, Tag{name='nodeType', value='ELECTABLE'}]}, roundTripTime=186.2 ms, state=CONNECTED}, {address=mfilx-shard-00-02.v2wzx.mongodb.net:27017, type=UNKNOWN, state=CONNECTING}, {address=mfilx-shard-00-00.v2wzx.mongodb.net:27017, type=UNKNOWN, state=CONNECTING}]
15:34:51.146 [cluster-ClusterId{value='61f905bbcc4ddf3004d1793b', description='null'}-mfilx-shard-00-01.v2wzx.mongodb.net:27017] DEBUG org.mongodb.driver.cluster - Updating cluster description to  {type=REPLICA_SET, servers=[{address=mfilx-shard-00-01.v2wzx.mongodb.net:27017, type=REPLICA_SET_SECONDARY, TagSet{[Tag{name='workloadType', value='OPERATIONAL'}, Tag{name='provider', value='AWS'}, Tag{name='region', value='AP_SOUTH_1'}, Tag{name='nodeType', value='ELECTABLE'}]}, roundTripTime=246.8 ms, state=CONNECTED}, {address=mfilx-shard-00-02.v2wzx.mongodb.net:27017, type=UNKNOWN, state=CONNECTING}, {address=mfilx-shard-00-00.v2wzx.mongodb.net:27017, type=REPLICA_SET_SECONDARY, TagSet{[Tag{name='provider', value='AWS'}, Tag{name='workloadType', value='OPERATIONAL'}, Tag{name='nodeType', value='ELECTABLE'}, Tag{name='region', value='AP_SOUTH_1'}]}, roundTripTime=255.7 ms, state=CONNECTED}]
15:34:51.147 [cluster-ClusterId{value='61f905bbcc4ddf3004d17938', description='null'}-mfilx-shard-00-02.v2wzx.mongodb.net:27017] INFO org.mongodb.driver.cluster - Setting max election id to 7fffffff0000000000000052 from replica set primary mfilx-shard-00-02.v2wzx.mongodb.net:27017
15:34:51.147 [cluster-ClusterId{value='61f905bbcc4ddf3004d17938', description='null'}-mfilx-shard-00-02.v2wzx.mongodb.net:27017] INFO org.mongodb.driver.cluster - Setting max set version to 5 from replica set primary mfilx-shard-00-02.v2wzx.mongodb.net:27017
15:34:51.147 [cluster-ClusterId{value='61f905bbcc4ddf3004d17938', description='null'}-mfilx-shard-00-02.v2wzx.mongodb.net:27017] INFO org.mongodb.driver.cluster - Discovered replica set primary mfilx-shard-00-02.v2wzx.mongodb.net:27017
15:34:51.147 [cluster-ClusterId{value='61f905bbcc4ddf3004d17938', description='null'}-mfilx-shard-00-02.v2wzx.mongodb.net:27017] DEBUG org.mongodb.driver.cluster - Updating cluster description to  {type=REPLICA_SET, servers=[{address=mfilx-shard-00-01.v2wzx.mongodb.net:27017, type=REPLICA_SET_SECONDARY, TagSet{[Tag{name='workloadType', value='OPERATIONAL'}, Tag{name='provider', value='AWS'}, Tag{name='region', value='AP_SOUTH_1'}, Tag{name='nodeType', value='ELECTABLE'}]}, roundTripTime=200.2 ms, state=CONNECTED}, {address=mfilx-shard-00-02.v2wzx.mongodb.net:27017, type=REPLICA_SET_PRIMARY, TagSet{[Tag{name='workloadType', value='OPERATIONAL'}, Tag{name='nodeType', value='ELECTABLE'}, Tag{name='provider', value='AWS'}, Tag{name='region', value='AP_SOUTH_1'}]}, roundTripTime=238.7 ms, state=CONNECTED}, {address=mfilx-shard-00-00.v2wzx.mongodb.net:27017, type=REPLICA_SET_SECONDARY, TagSet{[Tag{name='region', value='AP_SOUTH_1'}, Tag{name='nodeType', value='ELECTABLE'}, Tag{name='workloadType', value='OPERATIONAL'}, Tag{name='provider', value='AWS'}]}, roundTripTime=226.2 ms, state=CONNECTED}]
15:34:51.147 [cluster-ClusterId{value='61f905bbcc4ddf3004d1793b', description='null'}-mfilx-shard-00-02.v2wzx.mongodb.net:27017] INFO org.mongodb.driver.cluster - Setting max election id to 7fffffff0000000000000052 from replica set primary mfilx-shard-00-02.v2wzx.mongodb.net:27017
15:34:51.147 [cluster-ClusterId{value='61f905bbcc4ddf3004d1793b', description='null'}-mfilx-shard-00-02.v2wzx.mongodb.net:27017] INFO org.mongodb.driver.cluster - Setting max set version to 5 from replica set primary mfilx-shard-00-02.v2wzx.mongodb.net:27017
15:34:51.147 [cluster-ClusterId{value='61f905bbcc4ddf3004d1793b', description='null'}-mfilx-shard-00-02.v2wzx.mongodb.net:27017] INFO org.mongodb.driver.cluster - Discovered replica set primary mfilx-shard-00-02.v2wzx.mongodb.net:27017
15:34:51.148 [cluster-ClusterId{value='61f905bbcc4ddf3004d1793b', description='null'}-mfilx-shard-00-02.v2wzx.mongodb.net:27017] DEBUG org.mongodb.driver.cluster - Updating cluster description to  {type=REPLICA_SET, servers=[{address=mfilx-shard-00-01.v2wzx.mongodb.net:27017, type=REPLICA_SET_SECONDARY, TagSet{[Tag{name='workloadType', value='OPERATIONAL'}, Tag{name='provider', value='AWS'}, Tag{name='region', value='AP_SOUTH_1'}, Tag{name='nodeType', value='ELECTABLE'}]}, roundTripTime=246.8 ms, state=CONNECTED}, {address=mfilx-shard-00-02.v2wzx.mongodb.net:27017, type=REPLICA_SET_PRIMARY, TagSet{[Tag{name='workloadType', value='OPERATIONAL'}, Tag{name='nodeType', value='ELECTABLE'}, Tag{name='provider', value='AWS'}, Tag{name='region', value='AP_SOUTH_1'}]}, roundTripTime=179.5 ms, state=CONNECTED}, {address=mfilx-shard-00-00.v2wzx.mongodb.net:27017, type=REPLICA_SET_SECONDARY, TagSet{[Tag{name='provider', value='AWS'}, Tag{name='workloadType', value='OPERATIONAL'}, Tag{name='nodeType', value='ELECTABLE'}, Tag{name='region', value='AP_SOUTH_1'}]}, roundTripTime=255.7 ms, state=CONNECTED}]
15:34:51.147 [cluster-ClusterId{value='61f905bbcc4ddf3004d17936', description='null'}-mfilx-shard-00-01.v2wzx.mongodb.net:27017] DEBUG org.mongodb.driver.cluster - Updating cluster description to  {type=REPLICA_SET, servers=[{address=mfilx-shard-00-01.v2wzx.mongodb.net:27017, type=REPLICA_SET_SECONDARY, TagSet{[Tag{name='workloadType', value='OPERATIONAL'}, Tag{name='provider', value='AWS'}, Tag{name='region', value='AP_SOUTH_1'}, Tag{name='nodeType', value='ELECTABLE'}]}, roundTripTime=201.6 ms, state=CONNECTED}, {address=mfilx-shard-00-02.v2wzx.mongodb.net:27017, type=UNKNOWN, state=CONNECTING}, {address=mfilx-shard-00-00.v2wzx.mongodb.net:27017, type=REPLICA_SET_SECONDARY, TagSet{[Tag{name='provider', value='AWS'}, Tag{name='workloadType', value='OPERATIONAL'}, Tag{name='nodeType', value='ELECTABLE'}, Tag{name='region', value='AP_SOUTH_1'}]}, roundTripTime=206.4 ms, state=CONNECTED}]
15:34:51.148 [cluster-ClusterId{value='61f905bbcc4ddf3004d17936', description='null'}-mfilx-shard-00-02.v2wzx.mongodb.net:27017] INFO org.mongodb.driver.cluster - Setting max election id to 7fffffff0000000000000052 from replica set primary mfilx-shard-00-02.v2wzx.mongodb.net:27017
15:34:51.139 [cluster-ClusterId{value='61f905bbcc4ddf3004d1793a', description='null'}-mfilx-shard-00-01.v2wzx.mongodb.net:27017] INFO org.mongodb.driver.cluster - Monitor thread successfully connected to server with description ServerDescription{address=mfilx-shard-00-01.v2wzx.mongodb.net:27017, type=REPLICA_SET_SECONDARY, state=CONNECTED, ok=true, version=ServerVersion{versionList=[4, 4, 12]}, minWireVersion=0, maxWireVersion=9, maxDocumentSize=16777216, logicalSessionTimeoutMinutes=30, roundTripTimeNanos=238478400, setName='atlas-csjqm5-shard-0', canonicalAddress=mfilx-shard-00-01.v2wzx.mongodb.net:27017, hosts=[mfilx-shard-00-00.v2wzx.mongodb.net:27017, mfilx-shard-00-01.v2wzx.mongodb.net:27017, mfilx-shard-00-02.v2wzx.mongodb.net:27017], passives=[], arbiters=[], primary='mfilx-shard-00-02.v2wzx.mongodb.net:27017', tagSet=TagSet{[Tag{name='workloadType', value='OPERATIONAL'}, Tag{name='provider', value='AWS'}, Tag{name='region', value='AP_SOUTH_1'}, Tag{name='nodeType', value='ELECTABLE'}]}, electionId=null, setVersion=5, lastWriteDate=Tue Feb 01 15:34:56 IST 2022, lastUpdateTimeNanos=246739391264300}
15:34:51.148 [cluster-ClusterId{value='61f905bbcc4ddf3004d17936', description='null'}-mfilx-shard-00-02.v2wzx.mongodb.net:27017] INFO org.mongodb.driver.cluster - Setting max set version to 5 from replica set primary mfilx-shard-00-02.v2wzx.mongodb.net:27017
15:34:51.148 [cluster-ClusterId{value='61f905bbcc4ddf3004d17936', description='null'}-mfilx-shard-00-02.v2wzx.mongodb.net:27017] INFO org.mongodb.driver.cluster - Discovered replica set primary mfilx-shard-00-02.v2wzx.mongodb.net:27017
15:34:51.149 [cluster-ClusterId{value='61f905bbcc4ddf3004d17936', description='null'}-mfilx-shard-00-02.v2wzx.mongodb.net:27017] DEBUG org.mongodb.driver.cluster - Updating cluster description to  {type=REPLICA_SET, servers=[{address=mfilx-shard-00-01.v2wzx.mongodb.net:27017, type=REPLICA_SET_SECONDARY, TagSet{[Tag{name='workloadType', value='OPERATIONAL'}, Tag{name='provider', value='AWS'}, Tag{name='region', value='AP_SOUTH_1'}, Tag{name='nodeType', value='ELECTABLE'}]}, roundTripTime=201.6 ms, state=CONNECTED}, {address=mfilx-shard-00-02.v2wzx.mongodb.net:27017, type=REPLICA_SET_PRIMARY, TagSet{[Tag{name='workloadType', value='OPERATIONAL'}, Tag{name='nodeType', value='ELECTABLE'}, Tag{name='provider', value='AWS'}, Tag{name='region', value='AP_SOUTH_1'}]}, roundTripTime=177.4 ms, state=CONNECTED}, {address=mfilx-shard-00-00.v2wzx.mongodb.net:27017, type=REPLICA_SET_SECONDARY, TagSet{[Tag{name='provider', value='AWS'}, Tag{name='workloadType', value='OPERATIONAL'}, Tag{name='nodeType', value='ELECTABLE'}, Tag{name='region', value='AP_SOUTH_1'}]}, roundTripTime=206.4 ms, state=CONNECTED}]
15:34:51.149 [cluster-ClusterId{value='61f905bbcc4ddf3004d1793a', description='null'}-mfilx-shard-00-01.v2wzx.mongodb.net:27017] DEBUG org.mongodb.driver.cluster - Updating cluster description to  {type=REPLICA_SET, servers=[{address=mfilx-shard-00-01.v2wzx.mongodb.net:27017, type=REPLICA_SET_SECONDARY, TagSet{[Tag{name='workloadType', value='OPERATIONAL'}, Tag{name='provider', value='AWS'}, Tag{name='region', value='AP_SOUTH_1'}, Tag{name='nodeType', value='ELECTABLE'}]}, roundTripTime=238.5 ms, state=CONNECTED}, {address=mfilx-shard-00-02.v2wzx.mongodb.net:27017, type=UNKNOWN, state=CONNECTING}, {address=mfilx-shard-00-00.v2wzx.mongodb.net:27017, type=UNKNOWN, state=CONNECTING}]
15:34:51.150 [cluster-ClusterId{value='61f905bbcc4ddf3004d1793a', description='null'}-mfilx-shard-00-00.v2wzx.mongodb.net:27017] DEBUG org.mongodb.driver.cluster - Updating cluster description to  {type=REPLICA_SET, servers=[{address=mfilx-shard-00-01.v2wzx.mongodb.net:27017, type=REPLICA_SET_SECONDARY, TagSet{[Tag{name='workloadType', value='OPERATIONAL'}, Tag{name='provider', value='AWS'}, Tag{name='region', value='AP_SOUTH_1'}, Tag{name='nodeType', value='ELECTABLE'}]}, roundTripTime=238.5 ms, state=CONNECTED}, {address=mfilx-shard-00-02.v2wzx.mongodb.net:27017, type=UNKNOWN, state=CONNECTING}, {address=mfilx-shard-00-00.v2wzx.mongodb.net:27017, type=REPLICA_SET_SECONDARY, TagSet{[Tag{name='provider', value='AWS'}, Tag{name='workloadType', value='OPERATIONAL'}, Tag{name='nodeType', value='ELECTABLE'}, Tag{name='region', value='AP_SOUTH_1'}]}, roundTripTime=220.0 ms, state=CONNECTED}]
15:34:51.150 [cluster-ClusterId{value='61f905bbcc4ddf3004d17939', description='null'}-mfilx-shard-00-02.v2wzx.mongodb.net:27017] INFO org.mongodb.driver.cluster - Setting max election id to 7fffffff0000000000000052 from replica set primary mfilx-shard-00-02.v2wzx.mongodb.net:27017
15:34:51.151 [cluster-ClusterId{value='61f905bbcc4ddf3004d17939', description='null'}-mfilx-shard-00-02.v2wzx.mongodb.net:27017] INFO org.mongodb.driver.cluster - Setting max set version to 5 from replica set primary mfilx-shard-00-02.v2wzx.mongodb.net:27017
15:34:51.152 [cluster-ClusterId{value='61f905bbcc4ddf3004d17939', description='null'}-mfilx-shard-00-02.v2wzx.mongodb.net:27017] INFO org.mongodb.driver.cluster - Discovered replica set primary mfilx-shard-00-02.v2wzx.mongodb.net:27017
15:34:51.153 [cluster-ClusterId{value='61f905bbcc4ddf3004d17939', description='null'}-mfilx-shard-00-02.v2wzx.mongodb.net:27017] DEBUG org.mongodb.driver.cluster - Updating cluster description to  {type=REPLICA_SET, servers=[{address=mfilx-shard-00-01.v2wzx.mongodb.net:27017, type=UNKNOWN, state=CONNECTING}, {address=mfilx-shard-00-02.v2wzx.mongodb.net:27017, type=REPLICA_SET_PRIMARY, TagSet{[Tag{name='workloadType', value='OPERATIONAL'}, Tag{name='nodeType', value='ELECTABLE'}, Tag{name='provider', value='AWS'}, Tag{name='region', value='AP_SOUTH_1'}]}, roundTripTime=206.1 ms, state=CONNECTED}, {address=mfilx-shard-00-00.v2wzx.mongodb.net:27017, type=UNKNOWN, state=CONNECTING}]
15:34:51.153 [cluster-ClusterId{value='61f905bbcc4ddf3004d17937', description='null'}-mfilx-shard-00-02.v2wzx.mongodb.net:27017] INFO org.mongodb.driver.cluster - Setting max election id to 7fffffff0000000000000052 from replica set primary mfilx-shard-00-02.v2wzx.mongodb.net:27017
15:34:51.153 [cluster-ClusterId{value='61f905bbcc4ddf3004d17937', description='null'}-mfilx-shard-00-02.v2wzx.mongodb.net:27017] INFO org.mongodb.driver.cluster - Setting max set version to 5 from replica set primary mfilx-shard-00-02.v2wzx.mongodb.net:27017
15:34:51.153 [cluster-ClusterId{value='61f905bbcc4ddf3004d17937', description='null'}-mfilx-shard-00-02.v2wzx.mongodb.net:27017] INFO org.mongodb.driver.cluster - Discovered replica set primary mfilx-shard-00-02.v2wzx.mongodb.net:27017
15:34:51.154 [cluster-ClusterId{value='61f905bbcc4ddf3004d17937', description='null'}-mfilx-shard-00-02.v2wzx.mongodb.net:27017] DEBUG org.mongodb.driver.cluster - Updating cluster description to  {type=REPLICA_SET, servers=[{address=mfilx-shard-00-01.v2wzx.mongodb.net:27017, type=REPLICA_SET_SECONDARY, TagSet{[Tag{name='workloadType', value='OPERATIONAL'}, Tag{name='provider', value='AWS'}, Tag{name='region', value='AP_SOUTH_1'}, Tag{name='nodeType', value='ELECTABLE'}]}, roundTripTime=186.2 ms, state=CONNECTED}, {address=mfilx-shard-00-02.v2wzx.mongodb.net:27017, type=REPLICA_SET_PRIMARY, TagSet{[Tag{name='workloadType', value='OPERATIONAL'}, Tag{name='nodeType', value='ELECTABLE'}, Tag{name='provider', value='AWS'}, Tag{name='region', value='AP_SOUTH_1'}]}, roundTripTime=254.3 ms, state=CONNECTED}, {address=mfilx-shard-00-00.v2wzx.mongodb.net:27017, type=UNKNOWN, state=CONNECTING}]
15:34:51.157 [cluster-ClusterId{value='61f905bbcc4ddf3004d17939', description='null'}-mfilx-shard-00-01.v2wzx.mongodb.net:27017] DEBUG org.mongodb.driver.cluster - Updating cluster description to  {type=REPLICA_SET, servers=[{address=mfilx-shard-00-01.v2wzx.mongodb.net:27017, type=REPLICA_SET_SECONDARY, TagSet{[Tag{name='workloadType', value='OPERATIONAL'}, Tag{name='provider', value='AWS'}, Tag{name='region', value='AP_SOUTH_1'}, Tag{name='nodeType', value='ELECTABLE'}]}, roundTripTime=254.4 ms, state=CONNECTED}, {address=mfilx-shard-00-02.v2wzx.mongodb.net:27017, type=REPLICA_SET_PRIMARY, TagSet{[Tag{name='workloadType', value='OPERATIONAL'}, Tag{name='nodeType', value='ELECTABLE'}, Tag{name='provider', value='AWS'}, Tag{name='region', value='AP_SOUTH_1'}]}, roundTripTime=206.1 ms, state=CONNECTED}, {address=mfilx-shard-00-00.v2wzx.mongodb.net:27017, type=UNKNOWN, state=CONNECTING}]
15:34:51.159 [cluster-ClusterId{value='61f905bbcc4ddf3004d17939', description='null'}-mfilx-shard-00-00.v2wzx.mongodb.net:27017] DEBUG org.mongodb.driver.cluster - Updating cluster description to  {type=REPLICA_SET, servers=[{address=mfilx-shard-00-01.v2wzx.mongodb.net:27017, type=REPLICA_SET_SECONDARY, TagSet{[Tag{name='workloadType', value='OPERATIONAL'}, Tag{name='provider', value='AWS'}, Tag{name='region', value='AP_SOUTH_1'}, Tag{name='nodeType', value='ELECTABLE'}]}, roundTripTime=254.4 ms, state=CONNECTED}, {address=mfilx-shard-00-02.v2wzx.mongodb.net:27017, type=REPLICA_SET_PRIMARY, TagSet{[Tag{name='workloadType', value='OPERATIONAL'}, Tag{name='nodeType', value='ELECTABLE'}, Tag{name='provider', value='AWS'}, Tag{name='region', value='AP_SOUTH_1'}]}, roundTripTime=206.1 ms, state=CONNECTED}, {address=mfilx-shard-00-00.v2wzx.mongodb.net:27017, type=REPLICA_SET_SECONDARY, TagSet{[Tag{name='region', value='AP_SOUTH_1'}, Tag{name='nodeType', value='ELECTABLE'}, Tag{name='workloadType', value='OPERATIONAL'}, Tag{name='provider', value='AWS'}]}, roundTripTime=182.3 ms, state=CONNECTED}]
15:34:51.160 [cluster-ClusterId{value='61f905b9cc4ddf3004d17935', description='null'}-mfilx-shard-00-02.v2wzx.mongodb.net:27017] INFO org.mongodb.driver.connection - Opened connection [connectionId{localValue:1, serverValue:11816}] to mfilx-shard-00-02.v2wzx.mongodb.net:27017
15:34:51.161 [cluster-ClusterId{value='61f905b9cc4ddf3004d17935', description='null'}-mfilx-shard-00-02.v2wzx.mongodb.net:27017] DEBUG org.mongodb.driver.cluster - Checking status of mfilx-shard-00-02.v2wzx.mongodb.net:27017
15:34:51.164 [cluster-ClusterId{value='61f905b9cc4ddf3004d17935', description='null'}-mfilx-shard-00-02.v2wzx.mongodb.net:27017] DEBUG org.mongodb.driver.protocol.command - Sending command '{ "ismaster" : 1, "$db" : "admin", "$clusterTime" : { "clusterTime" : { "$timestamp" : { "t" : 1643709896, "i" : 5 } }, "signature" : { "hash" : { "$binary" : { "base64" : "NJNqiwmFS+Yv6xjA1ouGSU7Cqdk=", "subType" : "00" } }, "keyId" : 7020870953009676292 } } }' with request id 84 to database admin on connection [connectionId{localValue:1, serverValue:11816}] to server mfilx-shard-00-02.v2wzx.mongodb.net:27017
15:34:51.165 [cluster-ClusterId{value='61f905b9cc4ddf3004d17935', description='null'}-mfilx-shard-00-01.v2wzx.mongodb.net:27017] DEBUG org.mongodb.driver.cluster - Updating cluster description to  {type=REPLICA_SET, servers=[{address=mfilx-shard-00-01.v2wzx.mongodb.net:27017, type=REPLICA_SET_SECONDARY, TagSet{[Tag{name='workloadType', value='OPERATIONAL'}, Tag{name='provider', value='AWS'}, Tag{name='region', value='AP_SOUTH_1'}, Tag{name='nodeType', value='ELECTABLE'}]}, roundTripTime=218.6 ms, state=CONNECTED}, {address=mfilx-shard-00-02.v2wzx.mongodb.net:27017, type=UNKNOWN, state=CONNECTING}, {address=mfilx-shard-00-00.v2wzx.mongodb.net:27017, type=REPLICA_SET_SECONDARY, TagSet{[Tag{name='provider', value='AWS'}, Tag{name='workloadType', value='OPERATIONAL'}, Tag{name='nodeType', value='ELECTABLE'}, Tag{name='region', value='AP_SOUTH_1'}]}, roundTripTime=215.6 ms, state=CONNECTED}]
[...]
15:35:11.265 [cluster-ClusterId{value='61f905bbcc4ddf3004d17937', description='null'}-mfilx-shard-00-02.v2wzx.mongodb.net:27017] INFO org.mongodb.driver.cluster - Monitor thread successfully connected to server with description ServerDescription{address=mfilx-shard-00-02.v2wzx.mongodb.net:27017, type=REPLICA_SET_PRIMARY, state=CONNECTED, ok=true, version=ServerVersion{versionList=[4, 4, 12]}, minWireVersion=0, maxWireVersion=9, maxDocumentSize=16777216, logicalSessionTimeoutMinutes=30, roundTripTimeNanos=176069100, setName='atlas-csjqm5-shard-0', canonicalAddress=mfilx-shard-00-02.v2wzx.mongodb.net:27017, hosts=[mfilx-shard-00-00.v2wzx.mongodb.net:27017, mfilx-shard-00-01.v2wzx.mongodb.net:27017, mfilx-shard-00-02.v2wzx.mongodb.net:27017], passives=[], arbiters=[], primary='mfilx-shard-00-02.v2wzx.mongodb.net:27017', tagSet=TagSet{[Tag{name='workloadType', value='OPERATIONAL'}, Tag{name='nodeType', value='ELECTABLE'}, Tag{name='provider', value='AWS'}, Tag{name='region', value='AP_SOUTH_1'}]}, electionId=7fffffff0000000000000052, setVersion=5, lastWriteDate=Tue Feb 01 15:35:15 IST 2022, lastUpdateTimeNanos=246759553091200}
15:35:11.266 [cluster-ClusterId{value='61f905bbcc4ddf3004d17939', description='null'}-mfilx-shard-00-00.v2wzx.mongodb.net:27017] DEBUG org.mongodb.driver.cluster - Updating cluster description to  {type=REPLICA_SET, servers=[{address=mfilx-shard-00-01.v2wzx.mongodb.net:27017, type=REPLICA_SET_SECONDARY, TagSet{[Tag{name='provider', value='AWS'}, Tag{name='workloadType', value='OPERATIONAL'}, Tag{name='nodeType', value='ELECTABLE'}, Tag{name='region', value='AP_SOUTH_1'}]}, roundTripTime=176.8 ms, state=CONNECTED}, {address=mfilx-shard-00-02.v2wzx.mongodb.net:27017, type=REPLICA_SET_PRIMARY, TagSet{[Tag{name='workloadType', value='OPERATIONAL'}, Tag{name='nodeType', value='ELECTABLE'}, Tag{name='provider', value='AWS'}, Tag{name='region', value='AP_SOUTH_1'}]}, roundTripTime=144.4 ms, state=CONNECTED}, {address=mfilx-shard-00-00.v2wzx.mongodb.net:27017, type=REPLICA_SET_SECONDARY, TagSet{[Tag{name='workloadType', value='OPERATIONAL'}, Tag{name='provider', value='AWS'}, Tag{name='region', value='AP_SOUTH_1'}, Tag{name='nodeType', value='ELECTABLE'}]}, roundTripTime=132.1 ms, state=CONNECTED}]
15:35:11.266 [cluster-ClusterId{value='61f905bbcc4ddf3004d1793b', description='null'}-mfilx-shard-00-02.v2wzx.mongodb.net:27017] INFO org.mongodb.driver.cluster - Monitor thread successfully connected to server with description ServerDescription{address=mfilx-shard-00-02.v2wzx.mongodb.net:27017, type=REPLICA_SET_PRIMARY, state=CONNECTED, ok=true, version=ServerVersion{versionList=[4, 4, 12]}, minWireVersion=0, maxWireVersion=9, maxDocumentSize=16777216, logicalSessionTimeoutMinutes=30, roundTripTimeNanos=130027292, setName='atlas-csjqm5-shard-0', canonicalAddress=mfilx-shard-00-02.v2wzx.mongodb.net:27017, hosts=[mfilx-shard-00-00.v2wzx.mongodb.net:27017, mfilx-shard-00-01.v2wzx.mongodb.net:27017, mfilx-shard-00-02.v2wzx.mongodb.net:27017], passives=[], arbiters=[], primary='mfilx-shard-00-02.v2wzx.mongodb.net:27017', tagSet=TagSet{[Tag{name='workloadType', value='OPERATIONAL'}, Tag{name='nodeType', value='ELECTABLE'}, Tag{name='provider', value='AWS'}, Tag{name='region', value='AP_SOUTH_1'}]}, electionId=7fffffff0000000000000052, setVersion=5, lastWriteDate=Tue Feb 01 15:35:15 IST 2022, lastUpdateTimeNanos=246759553657500}
15:35:11.266 [cluster-ClusterId{value='61f905bbcc4ddf3004d1793b', description='null'}-mfilx-shard-00-02.v2wzx.mongodb.net:27017] DEBUG org.mongodb.driver.cluster - Updating cluster description to  {type=REPLICA_SET, servers=[{address=mfilx-shard-00-01.v2wzx.mongodb.net:27017, type=REPLICA_SET_SECONDARY, TagSet{[Tag{name='provider', value='AWS'}, Tag{name='workloadType', value='OPERATIONAL'}, Tag{name='nodeType', value='ELECTABLE'}, Tag{name='region', value='AP_SOUTH_1'}]}, roundTripTime=171.7 ms, state=CONNECTED}, {address=mfilx-shard-00-02.v2wzx.mongodb.net:27017, type=REPLICA_SET_PRIMARY, TagSet{[Tag{name='workloadType', value='OPERATIONAL'}, Tag{name='nodeType', value='ELECTABLE'}, Tag{name='provider', value='AWS'}, Tag{name='region', value='AP_SOUTH_1'}]}, roundTripTime=130.0 ms, state=CONNECTED}, {address=mfilx-shard-00-00.v2wzx.mongodb.net:27017, type=REPLICA_SET_SECONDARY, TagSet{[Tag{name='workloadType', value='OPERATIONAL'}, Tag{name='provider', value='AWS'}, Tag{name='region', value='AP_SOUTH_1'}, Tag{name='nodeType', value='ELECTABLE'}]}, roundTripTime=177.7 ms, state=CONNECTED}]
15:35:11.267 [cluster-ClusterId{value='61f905bbcc4ddf3004d17936', description='null'}-mfilx-shard-00-01.v2wzx.mongodb.net:27017] DEBUG org.mongodb.driver.protocol.command - Execution of command with request id 122 completed successfully in 39.91 ms on connection [connectionId{localValue:5, serverValue:10396}] to server mfilx-shard-00-01.v2wzx.mongodb.net:27017
15:35:11.267 [cluster-ClusterId{value='61f905bbcc4ddf3004d17936', description='null'}-mfilx-shard-00-01.v2wzx.mongodb.net:27017] INFO org.mongodb.driver.cluster - Monitor thread successfully connected to server with description ServerDescription{address=mfilx-shard-00-01.v2wzx.mongodb.net:27017, type=REPLICA_SET_SECONDARY, state=CONNECTED, ok=true, version=ServerVersion{versionList=[4, 4, 12]}, minWireVersion=0, maxWireVersion=9, maxDocumentSize=16777216, logicalSessionTimeoutMinutes=30, roundTripTimeNanos=143769636, setName='atlas-csjqm5-shard-0', canonicalAddress=mfilx-shard-00-01.v2wzx.mongodb.net:27017, hosts=[mfilx-shard-00-00.v2wzx.mongodb.net:27017, mfilx-shard-00-01.v2wzx.mongodb.net:27017, mfilx-shard-00-02.v2wzx.mongodb.net:27017], passives=[], arbiters=[], primary='mfilx-shard-00-02.v2wzx.mongodb.net:27017', tagSet=TagSet{[Tag{name='provider', value='AWS'}, Tag{name='workloadType', value='OPERATIONAL'}, Tag{name='nodeType', value='ELECTABLE'}, Tag{name='region', value='AP_SOUTH_1'}]}, electionId=null, setVersion=5, lastWriteDate=Tue Feb 01 15:35:15 IST 2022, lastUpdateTimeNanos=246759555384700}
15:35:11.268 [cluster-ClusterId{value='61f905bbcc4ddf3004d17936', description='null'}-mfilx-shard-00-01.v2wzx.mongodb.net:27017] DEBUG org.mongodb.driver.cluster - Updating cluster description to  {type=REPLICA_SET, servers=[{address=mfilx-shard-00-01.v2wzx.mongodb.net:27017, type=REPLICA_SET_SECONDARY, TagSet{[Tag{name='provider', value='AWS'}, Tag{name='workloadType', value='OPERATIONAL'}, Tag{name='nodeType', value='ELECTABLE'}, Tag{name='region', value='AP_SOUTH_1'}]}, roundTripTime=143.8 ms, state=CONNECTED}, {address=mfilx-shard-00-02.v2wzx.mongodb.net:27017, type=REPLICA_SET_PRIMARY, TagSet{[Tag{name='workloadType', value='OPERATIONAL'}, Tag{name='nodeType', value='ELECTABLE'}, Tag{name='provider', value='AWS'}, Tag{name='region', value='AP_SOUTH_1'}]}, roundTripTime=126.6 ms, state=CONNECTED}, {address=mfilx-shard-00-00.v2wzx.mongodb.net:27017, type=REPLICA_SET_SECONDARY, TagSet{[Tag{name='workloadType', value='OPERATIONAL'}, Tag{name='provider', value='AWS'}, Tag{name='region', value='AP_SOUTH_1'}, Tag{name='nodeType', value='ELECTABLE'}]}, roundTripTime=145.7 ms, state=CONNECTED}]
15:35:11.266 [cluster-ClusterId{value='61f905bbcc4ddf3004d17937', description='null'}-mfilx-shard-00-02.v2wzx.mongodb.net:27017] DEBUG org.mongodb.driver.cluster - Updating cluster description to  {type=REPLICA_SET, servers=[{address=mfilx-shard-00-01.v2wzx.mongodb.net:27017, type=REPLICA_SET_SECONDARY, TagSet{[Tag{name='provider', value='AWS'}, Tag{name='workloadType', value='OPERATIONAL'}, Tag{name='nodeType', value='ELECTABLE'}, Tag{name='region', value='AP_SOUTH_1'}]}, roundTripTime=134.0 ms, state=CONNECTED}, {address=mfilx-shard-00-02.v2wzx.mongodb.net:27017, type=REPLICA_SET_PRIMARY, TagSet{[Tag{name='workloadType', value='OPERATIONAL'}, Tag{name='nodeType', value='ELECTABLE'}, Tag{name='provider', value='AWS'}, Tag{name='region', value='AP_SOUTH_1'}]}, roundTripTime=176.1 ms, state=CONNECTED}, {address=mfilx-shard-00-00.v2wzx.mongodb.net:27017, type=REPLICA_SET_SECONDARY, TagSet{[Tag{name='workloadType', value='OPERATIONAL'}, Tag{name='provider', value='AWS'}, Tag{name='region', value='AP_SOUTH_1'}, Tag{name='nodeType', value='ELECTABLE'}]}, roundTripTime=201.0 ms, state=CONNECTED}]
15:35:11.268 [cluster-ClusterId{value='61f905bbcc4ddf3004d17937', description='null'}-mfilx-shard-00-00.v2wzx.mongodb.net:27017] DEBUG org.mongodb.driver.protocol.command - Execution of command with request id 123 completed successfully in 35.83 ms on connection [connectionId{localValue:7, serverValue:11267}] to server mfilx-shard-00-00.v2wzx.mongodb.net:27017
15:35:11.269 [cluster-ClusterId{value='61f905bbcc4ddf3004d17937', description='null'}-mfilx-shard-00-00.v2wzx.mongodb.net:27017] DEBUG org.mongodb.driver.cluster - Updating cluster description to  {type=REPLICA_SET, servers=[{address=mfilx-shard-00-01.v2wzx.mongodb.net:27017, type=REPLICA_SET_SECONDARY, TagSet{[Tag{name='provider', value='AWS'}, Tag{name='workloadType', value='OPERATIONAL'}, Tag{name='nodeType', value='ELECTABLE'}, Tag{name='region', value='AP_SOUTH_1'}]}, roundTripTime=134.0 ms, state=CONNECTED}, {address=mfilx-shard-00-02.v2wzx.mongodb.net:27017, type=REPLICA_SET_PRIMARY, TagSet{[Tag{name='workloadType', value='OPERATIONAL'}, Tag{name='nodeType', value='ELECTABLE'}, Tag{name='provider', value='AWS'}, Tag{name='region', value='AP_SOUTH_1'}]}, roundTripTime=176.1 ms, state=CONNECTED}, {address=mfilx-shard-00-00.v2wzx.mongodb.net:27017, type=REPLICA_SET_SECONDARY, TagSet{[Tag{name='workloadType', value='OPERATIONAL'}, Tag{name='provider', value='AWS'}, Tag{name='region', value='AP_SOUTH_1'}, Tag{name='nodeType', value='ELECTABLE'}]}, roundTripTime=168.1 ms, state=CONNECTED}]
15:35:11.270 [cluster-ClusterId{value='61f905bbcc4ddf3004d17938', description='null'}-mfilx-shard-00-00.v2wzx.mongodb.net:27017] DEBUG org.mongodb.driver.protocol.command - Execution of command with request id 116 completed successfully in 52.58 ms on connection [connectionId{localValue:10, serverValue:11267}] to server mfilx-shard-00-00.v2wzx.mongodb.net:27017
15:35:11.271 [cluster-ClusterId{value='61f905bbcc4ddf3004d17938', description='null'}-mfilx-shard-00-00.v2wzx.mongodb.net:27017] DEBUG org.mongodb.driver.cluster - Updating cluster description to  {type=REPLICA_SET, servers=[{address=mfilx-shard-00-01.v2wzx.mongodb.net:27017, type=REPLICA_SET_SECONDARY, TagSet{[Tag{name='provider', value='AWS'}, Tag{name='workloadType', value='OPERATIONAL'}, Tag{name='nodeType', value='ELECTABLE'}, Tag{name='region', value='AP_SOUTH_1'}]}, roundTripTime=144.4 ms, state=CONNECTED}, {address=mfilx-shard-00-02.v2wzx.mongodb.net:27017, type=REPLICA_SET_PRIMARY, TagSet{[Tag{name='workloadType', value='OPERATIONAL'}, Tag{name='nodeType', value='ELECTABLE'}, Tag{name='provider', value='AWS'}, Tag{name='region', value='AP_SOUTH_1'}]}, roundTripTime=168.1 ms, state=CONNECTED}, {address=mfilx-shard-00-00.v2wzx.mongodb.net:27017, type=REPLICA_SET_SECONDARY, TagSet{[Tag{name='workloadType', value='OPERATIONAL'}, Tag{name='provider', value='AWS'}, Tag{name='region', value='AP_SOUTH_1'}, Tag{name='nodeType', value='ELECTABLE'}]}, roundTripTime=163.8 ms, state=CONNECTED}]
15:35:11.283 [cluster-ClusterId{value='61f905bbcc4ddf3004d1793a', description='null'}-mfilx-shard-00-02.v2wzx.mongodb.net:27017] DEBUG org.mongodb.driver.protocol.command - Execution of command with request id 125 completed successfully in 34.33 ms on connection [connectionId{localValue:18, serverValue:11816}] to server mfilx-shard-00-02.v2wzx.mongodb.net:27017
15:35:11.284 [cluster-ClusterId{value='61f905bbcc4ddf3004d1793a', description='null'}-mfilx-shard-00-02.v2wzx.mongodb.net:27017] INFO org.mongodb.driver.cluster - Monitor thread successfully connected to server with description ServerDescription{address=mfilx-shard-00-02.v2wzx.mongodb.net:27017, type=REPLICA_SET_PRIMARY, state=CONNECTED, ok=true, version=ServerVersion{versionList=[4, 4, 12]}, minWireVersion=0, maxWireVersion=9, maxDocumentSize=16777216, logicalSessionTimeoutMinutes=30, roundTripTimeNanos=120469848, setName='atlas-csjqm5-shard-0', canonicalAddress=mfilx-shard-00-02.v2wzx.mongodb.net:27017, hosts=[mfilx-shard-00-00.v2wzx.mongodb.net:27017, mfilx-shard-00-01.v2wzx.mongodb.net:27017, mfilx-shard-00-02.v2wzx.mongodb.net:27017], passives=[], arbiters=[], primary='mfilx-shard-00-02.v2wzx.mongodb.net:27017', tagSet=TagSet{[Tag{name='workloadType', value='OPERATIONAL'}, Tag{name='nodeType', value='ELECTABLE'}, Tag{name='region', value='AP_SOUTH_1'}, Tag{name='provider', value='AWS'}]}, electionId=7fffffff0000000000000052, setVersion=5, lastWriteDate=Tue Feb 01 15:35:16 IST 2022, lastUpdateTimeNanos=246759571949100}
15:35:11.284 [cluster-ClusterId{value='61f905bbcc4ddf3004d1793a', description='null'}-mfilx-shard-00-02.v2wzx.mongodb.net:27017] DEBUG org.mongodb.driver.cluster - Updating cluster description to  {type=REPLICA_SET, servers=[{address=mfilx-shard-00-01.v2wzx.mongodb.net:27017, type=REPLICA_SET_SECONDARY, TagSet{[Tag{name='provider', value='AWS'}, Tag{name='workloadType', value='OPERATIONAL'}, Tag{name='nodeType', value='ELECTABLE'}, Tag{name='region', value='AP_SOUTH_1'}]}, roundTripTime=166.3 ms, state=CONNECTED}, {address=mfilx-shard-00-02.v2wzx.mongodb.net:27017, type=REPLICA_SET_PRIMARY, TagSet{[Tag{name='workloadType', value='OPERATIONAL'}, Tag{name='nodeType', value='ELECTABLE'}, Tag{name='region', value='AP_SOUTH_1'}, Tag{name='provider', value='AWS'}]}, roundTripTime=120.5 ms, state=CONNECTED}, {address=mfilx-shard-00-00.v2wzx.mongodb.net:27017, type=REPLICA_SET_SECONDARY, TagSet{[Tag{name='workloadType', value='OPERATIONAL'}, Tag{name='provider', value='AWS'}, Tag{name='region', value='AP_SOUTH_1'}, Tag{name='nodeType', value='ELECTABLE'}]}, roundTripTime=156.9 ms, state=CONNECTED}]
15:35:11.293 [cluster-ClusterId{value='61f905b9cc4ddf3004d17935', description='null'}-mfilx-shard-00-02.v2wzx.mongodb.net:27017] DEBUG org.mongodb.driver.cluster - Checking status of mfilx-shard-00-02.v2wzx.mongodb.net:27017
15:35:11.294 [cluster-ClusterId{value='61f905b9cc4ddf3004d17935', description='null'}-mfilx-shard-00-02.v2wzx.mongodb.net:27017] DEBUG org.mongodb.driver.protocol.command - Sending command '{ "ismaster" : 1, "$db" : "admin", "$clusterTime" : { "clusterTime" : { "$timestamp" : { "t" : 1643709916, "i" : 1 } }, "signature" : { "hash" : { "$binary" : { "base64" : "cmkxZk/Z0NWA6fRsmSGuOCe2S5E=", "subType" : "00" } }, "keyId" : 7020870953009676292 } } }' with request id 126 to database admin on connection [connectionId{localValue:1, serverValue:11816}] to server mfilx-shard-00-02.v2wzx.mongodb.net:27017
15:35:11.299 [cluster-ClusterId{value='61f905b9cc4ddf3004d17935', description='null'}-mfilx-shard-00-01.v2wzx.mongodb.net:27017] DEBUG org.mongodb.driver.protocol.command - Execution of command with request id 124 completed successfully in 51.08 ms on connection [connectionId{localValue:2, serverValue:10396}] to server mfilx-shard-00-01.v2wzx.mongodb.net:27017
15:35:11.301 [cluster-ClusterId{value='61f905b9cc4ddf3004d17935', description='null'}-mfilx-shard-00-01.v2wzx.mongodb.net:27017] INFO org.mongodb.driver.cluster - Monitor thread successfully connected to server with description ServerDescription{address=mfilx-shard-00-01.v2wzx.mongodb.net:27017, type=REPLICA_SET_SECONDARY, state=CONNECTED, ok=true, version=ServerVersion{versionList=[4, 4, 12]}, minWireVersion=0, maxWireVersion=9, maxDocumentSize=16777216, logicalSessionTimeoutMinutes=30, roundTripTimeNanos=159201964, setName='atlas-csjqm5-shard-0', canonicalAddress=mfilx-shard-00-01.v2wzx.mongodb.net:27017, hosts=[mfilx-shard-00-00.v2wzx.mongodb.net:27017, mfilx-shard-00-01.v2wzx.mongodb.net:27017, mfilx-shard-00-02.v2wzx.mongodb.net:27017], passives=[], arbiters=[], primary='mfilx-shard-00-02.v2wzx.mongodb.net:27017', tagSet=TagSet{[Tag{name='provider', value='AWS'}, Tag{name='workloadType', value='OPERATIONAL'}, Tag{name='nodeType', value='ELECTABLE'}, Tag{name='region', value='AP_SOUTH_1'}]}, electionId=null, setVersion=5, lastWriteDate=Tue Feb 01 15:35:16 IST 2022, lastUpdateTimeNanos=246759589227400}
15:35:11.302 [cluster-ClusterId{value='61f905b9cc4ddf3004d17935', description='null'}-mfilx-shard-00-01.v2wzx.mongodb.net:27017] DEBUG org.mongodb.driver.cluster - Updating cluster description to  {type=REPLICA_SET, servers=[{address=mfilx-shard-00-01.v2wzx.mongodb.net:27017, type=REPLICA_SET_SECONDARY, TagSet{[Tag{name='provider', value='AWS'}, Tag{name='workloadType', value='OPERATIONAL'}, Tag{name='nodeType', value='ELECTABLE'}, Tag{name='region', value='AP_SOUTH_1'}]}, roundTripTime=159.2 ms, state=CONNECTED}, {address=mfilx-shard-00-02.v2wzx.mongodb.net:27017, type=REPLICA_SET_PRIMARY, TagSet{[Tag{name='nodeType', value='ELECTABLE'}, Tag{name='region', value='AP_SOUTH_1'}, Tag{name='provider', value='AWS'}, Tag{name='workloadType', value='OPERATIONAL'}]}, roundTripTime=70.9 ms, state=CONNECTED}, {address=mfilx-shard-00-00.v2wzx.mongodb.net:27017, type=REPLICA_SET_SECONDARY, TagSet{[Tag{name='workloadType', value='OPERATIONAL'}, Tag{name='provider', value='AWS'}, Tag{name='region', value='AP_SOUTH_1'}, Tag{name='nodeType', value='ELECTABLE'}]}, roundTripTime=152.8 ms, state=CONNECTED}]
15:35:11.328 [cluster-ClusterId{value='61f905b9cc4ddf3004d17935', description='null'}-mfilx-shard-00-02.v2wzx.mongodb.net:27017] DEBUG org.mongodb.driver.protocol.command - Execution of command with request id 126 completed successfully in 34.59 ms on connection [connectionId{localValue:1, serverValue:11816}] to server mfilx-shard-00-02.v2wzx.mongodb.net:27017
15:35:11.329 [cluster-ClusterId{value='61f905b9cc4ddf3004d17935', description='null'}-mfilx-shard-00-02.v2wzx.mongodb.net:27017] INFO org.mongodb.driver.cluster - Monitor thread successfully connected to server with description ServerDescription{address=mfilx-shard-00-02.v2wzx.mongodb.net:27017, type=REPLICA_SET_PRIMARY, state=CONNECTED, ok=true, version=ServerVersion{versionList=[4, 4, 12]}, minWireVersion=0, maxWireVersion=9, maxDocumentSize=16777216, logicalSessionTimeoutMinutes=30, roundTripTimeNanos=63829268, setName='atlas-csjqm5-shard-0', canonicalAddress=mfilx-shard-00-02.v2wzx.mongodb.net:27017, hosts=[mfilx-shard-00-00.v2wzx.mongodb.net:27017, mfilx-shard-00-01.v2wzx.mongodb.net:27017, mfilx-shard-00-02.v2wzx.mongodb.net:27017], passives=[], arbiters=[], primary='mfilx-shard-00-02.v2wzx.mongodb.net:27017', tagSet=TagSet{[Tag{name='workloadType', value='OPERATIONAL'}, Tag{name='nodeType', value='ELECTABLE'}, Tag{name='region', value='AP_SOUTH_1'}, Tag{name='provider', value='AWS'}]}, electionId=7fffffff0000000000000052, setVersion=5, lastWriteDate=Tue Feb 01 15:35:16 IST 2022, lastUpdateTimeNanos=246759616749700}
15:35:11.330 [cluster-ClusterId{value='61f905b9cc4ddf3004d17935', description='null'}-mfilx-shard-00-02.v2wzx.mongodb.net:27017] DEBUG org.mongodb.driver.cluster - Updating cluster description to  {type=REPLICA_SET, servers=[{address=mfilx-shard-00-01.v2wzx.mongodb.net:27017, type=REPLICA_SET_SECONDARY, TagSet{[Tag{name='provider', value='AWS'}, Tag{name='workloadType', value='OPERATIONAL'}, Tag{name='nodeType', value='ELECTABLE'}, Tag{name='region', value='AP_SOUTH_1'}]}, roundTripTime=159.2 ms, state=CONNECTED}, {address=mfilx-shard-00-02.v2wzx.mongodb.net:27017, type=REPLICA_SET_PRIMARY, TagSet{[Tag{name='workloadType', value='OPERATIONAL'}, Tag{name='nodeType', value='ELECTABLE'}, Tag{name='region', value='AP_SOUTH_1'}, Tag{name='provider', value='AWS'}]}, roundTripTime=63.8 ms, state=CONNECTED}, {address=mfilx-shard-00-00.v2wzx.mongodb.net:27017, type=REPLICA_SET_SECONDARY, TagSet{[Tag{name='workloadType', value='OPERATIONAL'}, Tag{name='provider', value='AWS'}, Tag{name='region', value='AP_SOUTH_1'}, Tag{name='nodeType', value='ELECTABLE'}]}, roundTripTime=152.8 ms, state=CONNECTED}]
]]></system-out>
  </testcase>
</testsuite>